nohup: 忽略输入
[I 2025-09-28 20:15:34,292] A new study created in memory with name: no-name-758f51cd-e288-47fd-a311-73e5f7cba521
[I 2025-09-28 20:15:38,423] Trial 0 finished with value: 1.8746731281280518 and parameters: {'out_channels1': 4, 'kernel_size1': 2, 'dropout_rate': 0.5, 'hidden_dim': 81}. Best is trial 0 with value: 1.8746731281280518.
[I 2025-09-28 20:15:40,959] Trial 1 finished with value: 1.9432412385940552 and parameters: {'out_channels1': 11, 'kernel_size1': 2, 'dropout_rate': 0.4, 'hidden_dim': 242}. Best is trial 1 with value: 1.9432412385940552.
[I 2025-09-28 20:15:45,347] Trial 2 finished with value: 1.8882395029067993 and parameters: {'out_channels1': 16, 'kernel_size1': 2, 'dropout_rate': 0.30000000000000004, 'hidden_dim': 122}. Best is trial 1 with value: 1.9432412385940552.
[I 2025-09-28 20:15:49,551] Trial 3 finished with value: 1.8311026096343994 and parameters: {'out_channels1': 13, 'kernel_size1': 2, 'dropout_rate': 0.5, 'hidden_dim': 173}. Best is trial 1 with value: 1.9432412385940552.
[I 2025-09-28 20:15:53,606] Trial 4 finished with value: 1.9352473020553589 and parameters: {'out_channels1': 10, 'kernel_size1': 3, 'dropout_rate': 0.30000000000000004, 'hidden_dim': 128}. Best is trial 1 with value: 1.9432412385940552.
[I 2025-09-28 20:15:57,201] Trial 5 finished with value: 1.881075382232666 and parameters: {'out_channels1': 14, 'kernel_size1': 3, 'dropout_rate': 0.4, 'hidden_dim': 183}. Best is trial 1 with value: 1.9432412385940552.
[I 2025-09-28 20:16:01,413] Trial 6 finished with value: 1.9767435789108276 and parameters: {'out_channels1': 6, 'kernel_size1': 3, 'dropout_rate': 0.2, 'hidden_dim': 248}. Best is trial 6 with value: 1.9767435789108276.
[I 2025-09-28 20:16:07,169] Trial 7 finished with value: 1.8476002216339111 and parameters: {'out_channels1': 12, 'kernel_size1': 2, 'dropout_rate': 0.4, 'hidden_dim': 132}. Best is trial 6 with value: 1.9767435789108276.
[I 2025-09-28 20:16:11,133] Trial 8 finished with value: 1.9734992980957031 and parameters: {'out_channels1': 4, 'kernel_size1': 2, 'dropout_rate': 0.2, 'hidden_dim': 53}. Best is trial 6 with value: 1.9767435789108276.
[I 2025-09-28 20:16:12,700] Trial 9 finished with value: 1.333870768547058 and parameters: {'out_channels1': 16, 'kernel_size1': 2, 'dropout_rate': 0.5, 'hidden_dim': 68}. Best is trial 6 with value: 1.9767435789108276.
[I 2025-09-28 20:16:16,482] Trial 10 finished with value: 1.9515929222106934 and parameters: {'out_channels1': 7, 'kernel_size1': 3, 'dropout_rate': 0.2, 'hidden_dim': 236}. Best is trial 6 with value: 1.9767435789108276.
[I 2025-09-28 20:16:18,964] Trial 11 finished with value: 1.9623713493347168 and parameters: {'out_channels1': 4, 'kernel_size1': 3, 'dropout_rate': 0.2, 'hidden_dim': 197}. Best is trial 6 with value: 1.9767435789108276.
[I 2025-09-28 20:16:22,511] Trial 12 finished with value: 1.9371553659439087 and parameters: {'out_channels1': 7, 'kernel_size1': 3, 'dropout_rate': 0.2, 'hidden_dim': 34}. Best is trial 6 with value: 1.9767435789108276.
[I 2025-09-28 20:16:26,206] Trial 13 finished with value: 1.895259141921997 and parameters: {'out_channels1': 6, 'kernel_size1': 3, 'dropout_rate': 0.30000000000000004, 'hidden_dim': 33}. Best is trial 6 with value: 1.9767435789108276.
[I 2025-09-28 20:16:30,381] Trial 14 finished with value: 1.9712328910827637 and parameters: {'out_channels1': 9, 'kernel_size1': 2, 'dropout_rate': 0.2, 'hidden_dim': 95}. Best is trial 6 with value: 1.9767435789108276.
[I 2025-09-28 20:16:33,681] Trial 15 finished with value: 1.976715087890625 and parameters: {'out_channels1': 6, 'kernel_size1': 3, 'dropout_rate': 0.30000000000000004, 'hidden_dim': 220}. Best is trial 6 with value: 1.9767435789108276.
[I 2025-09-28 20:16:37,738] Trial 16 finished with value: 1.9416751861572266 and parameters: {'out_channels1': 8, 'kernel_size1': 3, 'dropout_rate': 0.30000000000000004, 'hidden_dim': 215}. Best is trial 6 with value: 1.9767435789108276.
[I 2025-09-28 20:16:42,803] Trial 17 finished with value: 1.9442455768585205 and parameters: {'out_channels1': 6, 'kernel_size1': 3, 'dropout_rate': 0.30000000000000004, 'hidden_dim': 250}. Best is trial 6 with value: 1.9767435789108276.
[I 2025-09-28 20:16:47,040] Trial 18 finished with value: 1.9630815982818604 and parameters: {'out_channels1': 6, 'kernel_size1': 3, 'dropout_rate': 0.2, 'hidden_dim': 213}. Best is trial 6 with value: 1.9767435789108276.
[I 2025-09-28 20:16:49,514] Trial 19 finished with value: 1.9560229778289795 and parameters: {'out_channels1': 9, 'kernel_size1': 3, 'dropout_rate': 0.30000000000000004, 'hidden_dim': 159}. Best is trial 6 with value: 1.9767435789108276.
[I 2025-09-28 20:16:54,054] Trial 20 finished with value: 1.952688217163086 and parameters: {'out_channels1': 5, 'kernel_size1': 3, 'dropout_rate': 0.4, 'hidden_dim': 222}. Best is trial 6 with value: 1.9767435789108276.
[I 2025-09-28 20:16:58,541] Trial 21 finished with value: 1.9580426216125488 and parameters: {'out_channels1': 4, 'kernel_size1': 2, 'dropout_rate': 0.2, 'hidden_dim': 252}. Best is trial 6 with value: 1.9767435789108276.
[I 2025-09-28 20:17:01,711] Trial 22 finished with value: 1.9494049549102783 and parameters: {'out_channels1': 5, 'kernel_size1': 3, 'dropout_rate': 0.2, 'hidden_dim': 155}. Best is trial 6 with value: 1.9767435789108276.
[I 2025-09-28 20:17:06,749] Trial 23 finished with value: 1.9674617052078247 and parameters: {'out_channels1': 8, 'kernel_size1': 3, 'dropout_rate': 0.2, 'hidden_dim': 201}. Best is trial 6 with value: 1.9767435789108276.
[I 2025-09-28 20:17:12,692] Trial 24 finished with value: 1.934186577796936 and parameters: {'out_channels1': 5, 'kernel_size1': 2, 'dropout_rate': 0.30000000000000004, 'hidden_dim': 101}. Best is trial 6 with value: 1.9767435789108276.
[I 2025-09-28 20:17:15,523] Trial 25 finished with value: 1.9433560371398926 and parameters: {'out_channels1': 7, 'kernel_size1': 3, 'dropout_rate': 0.2, 'hidden_dim': 53}. Best is trial 6 with value: 1.9767435789108276.
[I 2025-09-28 20:17:19,721] Trial 26 finished with value: 1.965991735458374 and parameters: {'out_channels1': 5, 'kernel_size1': 2, 'dropout_rate': 0.30000000000000004, 'hidden_dim': 228}. Best is trial 6 with value: 1.9767435789108276.
[I 2025-09-28 20:17:23,561] Trial 27 finished with value: 1.9727548360824585 and parameters: {'out_channels1': 8, 'kernel_size1': 3, 'dropout_rate': 0.2, 'hidden_dim': 188}. Best is trial 6 with value: 1.9767435789108276.
[I 2025-09-28 20:17:27,242] Trial 28 finished with value: 1.9590775966644287 and parameters: {'out_channels1': 6, 'kernel_size1': 2, 'dropout_rate': 0.2, 'hidden_dim': 108}. Best is trial 6 with value: 1.9767435789108276.
[I 2025-09-28 20:17:29,669] Trial 29 finished with value: 1.9125571250915527 and parameters: {'out_channels1': 4, 'kernel_size1': 3, 'dropout_rate': 0.30000000000000004, 'hidden_dim': 74}. Best is trial 6 with value: 1.9767435789108276.
[I 2025-09-28 20:17:32,896] Trial 30 finished with value: 1.9580601453781128 and parameters: {'out_channels1': 4, 'kernel_size1': 2, 'dropout_rate': 0.4, 'hidden_dim': 255}. Best is trial 6 with value: 1.9767435789108276.
[I 2025-09-28 20:17:36,379] Trial 31 finished with value: 1.9695193767547607 and parameters: {'out_channels1': 8, 'kernel_size1': 3, 'dropout_rate': 0.2, 'hidden_dim': 195}. Best is trial 6 with value: 1.9767435789108276.
[I 2025-09-28 20:17:41,093] Trial 32 finished with value: 1.95037841796875 and parameters: {'out_channels1': 7, 'kernel_size1': 3, 'dropout_rate': 0.2, 'hidden_dim': 176}. Best is trial 6 with value: 1.9767435789108276.
[I 2025-09-28 20:17:44,316] Trial 33 finished with value: 1.9742830991744995 and parameters: {'out_channels1': 9, 'kernel_size1': 3, 'dropout_rate': 0.2, 'hidden_dim': 239}. Best is trial 6 with value: 1.9767435789108276.
[I 2025-09-28 20:17:50,764] Trial 34 finished with value: 1.9630165100097656 and parameters: {'out_channels1': 11, 'kernel_size1': 3, 'dropout_rate': 0.2, 'hidden_dim': 236}. Best is trial 6 with value: 1.9767435789108276.
[I 2025-09-28 20:17:57,592] Trial 35 finished with value: 1.902358055114746 and parameters: {'out_channels1': 10, 'kernel_size1': 3, 'dropout_rate': 0.30000000000000004, 'hidden_dim': 238}. Best is trial 6 with value: 1.9767435789108276.
[I 2025-09-28 20:18:00,483] Trial 36 finished with value: 1.958397626876831 and parameters: {'out_channels1': 9, 'kernel_size1': 2, 'dropout_rate': 0.5, 'hidden_dim': 207}. Best is trial 6 with value: 1.9767435789108276.
[I 2025-09-28 20:18:02,700] Trial 37 finished with value: 1.9385160207748413 and parameters: {'out_channels1': 11, 'kernel_size1': 3, 'dropout_rate': 0.30000000000000004, 'hidden_dim': 225}. Best is trial 6 with value: 1.9767435789108276.
[I 2025-09-28 20:18:07,186] Trial 38 finished with value: 1.911933183670044 and parameters: {'out_channels1': 14, 'kernel_size1': 2, 'dropout_rate': 0.4, 'hidden_dim': 117}. Best is trial 6 with value: 1.9767435789108276.
[I 2025-09-28 20:18:09,376] Trial 39 finished with value: 1.974806547164917 and parameters: {'out_channels1': 5, 'kernel_size1': 3, 'dropout_rate': 0.2, 'hidden_dim': 146}. Best is trial 6 with value: 1.9767435789108276.
[I 2025-09-28 20:18:12,521] Trial 40 finished with value: 1.968287706375122 and parameters: {'out_channels1': 6, 'kernel_size1': 3, 'dropout_rate': 0.2, 'hidden_dim': 138}. Best is trial 6 with value: 1.9767435789108276.
[I 2025-09-28 20:18:16,428] Trial 41 finished with value: 1.9536519050598145 and parameters: {'out_channels1': 5, 'kernel_size1': 3, 'dropout_rate': 0.2, 'hidden_dim': 158}. Best is trial 6 with value: 1.9767435789108276.
[I 2025-09-28 20:18:19,270] Trial 42 finished with value: 1.9644663333892822 and parameters: {'out_channels1': 4, 'kernel_size1': 3, 'dropout_rate': 0.2, 'hidden_dim': 169}. Best is trial 6 with value: 1.9767435789108276.
[I 2025-09-28 20:18:24,405] Trial 43 finished with value: 1.9781925678253174 and parameters: {'out_channels1': 5, 'kernel_size1': 3, 'dropout_rate': 0.2, 'hidden_dim': 244}. Best is trial 43 with value: 1.9781925678253174.
[I 2025-09-28 20:18:27,338] Trial 44 finished with value: 1.9780619144439697 and parameters: {'out_channels1': 7, 'kernel_size1': 3, 'dropout_rate': 0.2, 'hidden_dim': 243}. Best is trial 43 with value: 1.9781925678253174.
[I 2025-09-28 20:18:30,266] Trial 45 finished with value: 1.9748671054840088 and parameters: {'out_channels1': 7, 'kernel_size1': 3, 'dropout_rate': 0.2, 'hidden_dim': 245}. Best is trial 43 with value: 1.9781925678253174.
[I 2025-09-28 20:18:33,195] Trial 46 finished with value: 1.9748671054840088 and parameters: {'out_channels1': 7, 'kernel_size1': 3, 'dropout_rate': 0.2, 'hidden_dim': 245}. Best is trial 43 with value: 1.9781925678253174.
[I 2025-09-28 20:18:36,395] Trial 47 finished with value: 1.9326454401016235 and parameters: {'out_channels1': 6, 'kernel_size1': 3, 'dropout_rate': 0.30000000000000004, 'hidden_dim': 229}. Best is trial 43 with value: 1.9781925678253174.
[I 2025-09-28 20:18:39,593] Trial 48 finished with value: 1.9763554334640503 and parameters: {'out_channels1': 7, 'kernel_size1': 3, 'dropout_rate': 0.2, 'hidden_dim': 219}. Best is trial 43 with value: 1.9781925678253174.
[I 2025-09-28 20:18:43,544] Trial 49 finished with value: 1.9536476135253906 and parameters: {'out_channels1': 6, 'kernel_size1': 3, 'dropout_rate': 0.4, 'hidden_dim': 218}. Best is trial 43 with value: 1.9781925678253174.
[I 2025-09-28 20:18:46,911] Trial 50 finished with value: 1.957782506942749 and parameters: {'out_channels1': 7, 'kernel_size1': 3, 'dropout_rate': 0.30000000000000004, 'hidden_dim': 209}. Best is trial 43 with value: 1.9781925678253174.
[I 2025-09-28 20:18:49,308] Trial 51 finished with value: 1.9753326177597046 and parameters: {'out_channels1': 7, 'kernel_size1': 3, 'dropout_rate': 0.2, 'hidden_dim': 244}. Best is trial 43 with value: 1.9781925678253174.
[I 2025-09-28 20:18:53,878] Trial 52 finished with value: 1.9675929546356201 and parameters: {'out_channels1': 8, 'kernel_size1': 3, 'dropout_rate': 0.2, 'hidden_dim': 233}. Best is trial 43 with value: 1.9781925678253174.
[I 2025-09-28 20:19:00,007] Trial 53 finished with value: 1.9553256034851074 and parameters: {'out_channels1': 6, 'kernel_size1': 3, 'dropout_rate': 0.2, 'hidden_dim': 256}. Best is trial 43 with value: 1.9781925678253174.
[I 2025-09-28 20:19:03,262] Trial 54 finished with value: 1.9744765758514404 and parameters: {'out_channels1': 8, 'kernel_size1': 3, 'dropout_rate': 0.2, 'hidden_dim': 245}. Best is trial 43 with value: 1.9781925678253174.
[I 2025-09-28 20:19:05,153] Trial 55 finished with value: 1.9415595531463623 and parameters: {'out_channels1': 5, 'kernel_size1': 3, 'dropout_rate': 0.2, 'hidden_dim': 219}. Best is trial 43 with value: 1.9781925678253174.
[I 2025-09-28 20:19:09,358] Trial 56 finished with value: 1.9330625534057617 and parameters: {'out_channels1': 7, 'kernel_size1': 3, 'dropout_rate': 0.2, 'hidden_dim': 229}. Best is trial 43 with value: 1.9781925678253174.
[I 2025-09-28 20:19:12,721] Trial 57 finished with value: 1.9578721523284912 and parameters: {'out_channels1': 6, 'kernel_size1': 3, 'dropout_rate': 0.30000000000000004, 'hidden_dim': 204}. Best is trial 43 with value: 1.9781925678253174.
[I 2025-09-28 20:19:15,189] Trial 58 finished with value: 1.9422322511672974 and parameters: {'out_channels1': 5, 'kernel_size1': 3, 'dropout_rate': 0.2, 'hidden_dim': 248}. Best is trial 43 with value: 1.9781925678253174.
[I 2025-09-28 20:19:20,037] Trial 59 finished with value: 1.9171000719070435 and parameters: {'out_channels1': 15, 'kernel_size1': 3, 'dropout_rate': 0.2, 'hidden_dim': 193}. Best is trial 43 with value: 1.9781925678253174.
[I 2025-09-28 20:19:23,545] Trial 60 finished with value: 1.900464415550232 and parameters: {'out_channels1': 9, 'kernel_size1': 3, 'dropout_rate': 0.2, 'hidden_dim': 214}. Best is trial 43 with value: 1.9781925678253174.
[I 2025-09-28 20:19:27,503] Trial 61 finished with value: 1.9737303256988525 and parameters: {'out_channels1': 7, 'kernel_size1': 3, 'dropout_rate': 0.2, 'hidden_dim': 241}. Best is trial 43 with value: 1.9781925678253174.
[I 2025-09-28 20:19:30,438] Trial 62 finished with value: 1.9748671054840088 and parameters: {'out_channels1': 7, 'kernel_size1': 3, 'dropout_rate': 0.2, 'hidden_dim': 245}. Best is trial 43 with value: 1.9781925678253174.
[I 2025-09-28 20:19:34,582] Trial 63 finished with value: 1.971494197845459 and parameters: {'out_channels1': 6, 'kernel_size1': 3, 'dropout_rate': 0.2, 'hidden_dim': 224}. Best is trial 43 with value: 1.9781925678253174.
[I 2025-09-28 20:19:39,565] Trial 64 finished with value: 1.9675657749176025 and parameters: {'out_channels1': 8, 'kernel_size1': 3, 'dropout_rate': 0.2, 'hidden_dim': 256}. Best is trial 43 with value: 1.9781925678253174.
[I 2025-09-28 20:19:42,972] Trial 65 finished with value: 1.973466157913208 and parameters: {'out_channels1': 7, 'kernel_size1': 3, 'dropout_rate': 0.2, 'hidden_dim': 233}. Best is trial 43 with value: 1.9781925678253174.
[I 2025-09-28 20:19:47,564] Trial 66 finished with value: 1.9483027458190918 and parameters: {'out_channels1': 8, 'kernel_size1': 3, 'dropout_rate': 0.2, 'hidden_dim': 250}. Best is trial 43 with value: 1.9781925678253174.
[I 2025-09-28 20:19:50,340] Trial 67 finished with value: 1.9722267389297485 and parameters: {'out_channels1': 6, 'kernel_size1': 3, 'dropout_rate': 0.2, 'hidden_dim': 240}. Best is trial 43 with value: 1.9781925678253174.
[I 2025-09-28 20:19:52,699] Trial 68 finished with value: 1.9544190168380737 and parameters: {'out_channels1': 7, 'kernel_size1': 3, 'dropout_rate': 0.30000000000000004, 'hidden_dim': 223}. Best is trial 43 with value: 1.9781925678253174.
[I 2025-09-28 20:19:56,357] Trial 69 finished with value: 1.9608845710754395 and parameters: {'out_channels1': 10, 'kernel_size1': 3, 'dropout_rate': 0.2, 'hidden_dim': 233}. Best is trial 43 with value: 1.9781925678253174.
[I 2025-09-28 20:19:59,312] Trial 70 finished with value: 1.9342666864395142 and parameters: {'out_channels1': 4, 'kernel_size1': 3, 'dropout_rate': 0.2, 'hidden_dim': 250}. Best is trial 43 with value: 1.9781925678253174.
[I 2025-09-28 20:20:01,717] Trial 71 finished with value: 1.9753326177597046 and parameters: {'out_channels1': 7, 'kernel_size1': 3, 'dropout_rate': 0.2, 'hidden_dim': 244}. Best is trial 43 with value: 1.9781925678253174.
[I 2025-09-28 20:20:05,342] Trial 72 finished with value: 1.9159119129180908 and parameters: {'out_channels1': 5, 'kernel_size1': 3, 'dropout_rate': 0.2, 'hidden_dim': 241}. Best is trial 43 with value: 1.9781925678253174.
[I 2025-09-28 20:20:09,605] Trial 73 finished with value: 1.8846608400344849 and parameters: {'out_channels1': 7, 'kernel_size1': 3, 'dropout_rate': 0.2, 'hidden_dim': 213}. Best is trial 43 with value: 1.9781925678253174.
[I 2025-09-28 20:20:13,129] Trial 74 finished with value: 1.9298943281173706 and parameters: {'out_channels1': 8, 'kernel_size1': 3, 'dropout_rate': 0.5, 'hidden_dim': 231}. Best is trial 43 with value: 1.9781925678253174.
[I 2025-09-28 20:20:17,116] Trial 75 finished with value: 1.9719847440719604 and parameters: {'out_channels1': 6, 'kernel_size1': 3, 'dropout_rate': 0.2, 'hidden_dim': 251}. Best is trial 43 with value: 1.9781925678253174.
[I 2025-09-28 20:20:20,417] Trial 76 finished with value: 1.9529973268508911 and parameters: {'out_channels1': 5, 'kernel_size1': 3, 'dropout_rate': 0.30000000000000004, 'hidden_dim': 240}. Best is trial 43 with value: 1.9781925678253174.
[I 2025-09-28 20:20:23,166] Trial 77 finished with value: 1.959773302078247 and parameters: {'out_channels1': 6, 'kernel_size1': 3, 'dropout_rate': 0.2, 'hidden_dim': 222}. Best is trial 43 with value: 1.9781925678253174.
[I 2025-09-28 20:20:27,768] Trial 78 finished with value: 1.9702651500701904 and parameters: {'out_channels1': 12, 'kernel_size1': 3, 'dropout_rate': 0.2, 'hidden_dim': 236}. Best is trial 43 with value: 1.9781925678253174.
[I 2025-09-28 20:20:31,662] Trial 79 finished with value: 1.9666688442230225 and parameters: {'out_channels1': 7, 'kernel_size1': 3, 'dropout_rate': 0.2, 'hidden_dim': 201}. Best is trial 43 with value: 1.9781925678253174.
[I 2025-09-28 20:20:36,509] Trial 80 finished with value: 1.9466363191604614 and parameters: {'out_channels1': 9, 'kernel_size1': 3, 'dropout_rate': 0.2, 'hidden_dim': 185}. Best is trial 43 with value: 1.9781925678253174.
[I 2025-09-28 20:20:39,628] Trial 81 finished with value: 1.9748671054840088 and parameters: {'out_channels1': 7, 'kernel_size1': 3, 'dropout_rate': 0.2, 'hidden_dim': 245}. Best is trial 43 with value: 1.9781925678253174.
[I 2025-09-28 20:20:43,860] Trial 82 finished with value: 1.9767435789108276 and parameters: {'out_channels1': 6, 'kernel_size1': 3, 'dropout_rate': 0.2, 'hidden_dim': 248}. Best is trial 43 with value: 1.9781925678253174.
[I 2025-09-28 20:20:49,991] Trial 83 finished with value: 1.9553256034851074 and parameters: {'out_channels1': 6, 'kernel_size1': 3, 'dropout_rate': 0.2, 'hidden_dim': 256}. Best is trial 43 with value: 1.9781925678253174.
[I 2025-09-28 20:20:52,450] Trial 84 finished with value: 1.9422322511672974 and parameters: {'out_channels1': 5, 'kernel_size1': 3, 'dropout_rate': 0.2, 'hidden_dim': 248}. Best is trial 43 with value: 1.9781925678253174.
[I 2025-09-28 20:20:56,664] Trial 85 finished with value: 1.948032259941101 and parameters: {'out_channels1': 6, 'kernel_size1': 3, 'dropout_rate': 0.2, 'hidden_dim': 226}. Best is trial 43 with value: 1.9781925678253174.
[I 2025-09-28 20:21:01,427] Trial 86 finished with value: 1.9777488708496094 and parameters: {'out_channels1': 8, 'kernel_size1': 3, 'dropout_rate': 0.2, 'hidden_dim': 236}. Best is trial 43 with value: 1.9781925678253174.
[I 2025-09-28 20:21:05,779] Trial 87 finished with value: 1.873084306716919 and parameters: {'out_channels1': 8, 'kernel_size1': 3, 'dropout_rate': 0.30000000000000004, 'hidden_dim': 217}. Best is trial 43 with value: 1.9781925678253174.
[I 2025-09-28 20:21:09,217] Trial 88 finished with value: 1.974673867225647 and parameters: {'out_channels1': 5, 'kernel_size1': 3, 'dropout_rate': 0.4, 'hidden_dim': 236}. Best is trial 43 with value: 1.9781925678253174.
[I 2025-09-28 20:21:13,306] Trial 89 finished with value: 1.9652496576309204 and parameters: {'out_channels1': 8, 'kernel_size1': 3, 'dropout_rate': 0.2, 'hidden_dim': 229}. Best is trial 43 with value: 1.9781925678253174.
[I 2025-09-28 20:21:16,602] Trial 90 finished with value: 1.968700885772705 and parameters: {'out_channels1': 6, 'kernel_size1': 3, 'dropout_rate': 0.2, 'hidden_dim': 235}. Best is trial 43 with value: 1.9781925678253174.
[I 2025-09-28 20:21:19,524] Trial 91 finished with value: 1.9748671054840088 and parameters: {'out_channels1': 7, 'kernel_size1': 3, 'dropout_rate': 0.2, 'hidden_dim': 245}. Best is trial 43 with value: 1.9781925678253174.
[I 2025-09-28 20:21:23,594] Trial 92 finished with value: 1.976750135421753 and parameters: {'out_channels1': 7, 'kernel_size1': 3, 'dropout_rate': 0.2, 'hidden_dim': 252}. Best is trial 43 with value: 1.9781925678253174.
[I 2025-09-28 20:21:27,937] Trial 93 finished with value: 1.976750135421753 and parameters: {'out_channels1': 7, 'kernel_size1': 3, 'dropout_rate': 0.2, 'hidden_dim': 252}. Best is trial 43 with value: 1.9781925678253174.
[I 2025-09-28 20:21:31,904] Trial 94 finished with value: 1.9719847440719604 and parameters: {'out_channels1': 6, 'kernel_size1': 3, 'dropout_rate': 0.2, 'hidden_dim': 251}. Best is trial 43 with value: 1.9781925678253174.
[I 2025-09-28 20:21:35,970] Trial 95 finished with value: 1.976750135421753 and parameters: {'out_channels1': 7, 'kernel_size1': 3, 'dropout_rate': 0.2, 'hidden_dim': 252}. Best is trial 43 with value: 1.9781925678253174.
[I 2025-09-28 20:21:38,688] Trial 96 finished with value: 1.9433090686798096 and parameters: {'out_channels1': 6, 'kernel_size1': 3, 'dropout_rate': 0.2, 'hidden_dim': 87}. Best is trial 43 with value: 1.9781925678253174.
