[I 2025-09-28 20:21:43,349] Trial 97 finished with value: 1.9702303409576416 and parameters: {'out_channels1': 8, 'kernel_size1': 3, 'dropout_rate': 0.2, 'hidden_dim': 253}. Best is trial 43 with value: 1.9781925678253174.
[I 2025-09-28 20:21:47,266] Trial 98 finished with value: 1.9342987537384033 and parameters: {'out_channels1': 7, 'kernel_size1': 3, 'dropout_rate': 0.2, 'hidden_dim': 256}. Best is trial 43 with value: 1.9781925678253174.
[I 2025-09-28 20:21:50,750] Trial 99 finished with value: 1.9589662551879883 and parameters: {'out_channels1': 9, 'kernel_size1': 3, 'dropout_rate': 0.2, 'hidden_dim': 209}. Best is trial 43 with value: 1.9781925678253174.
[I 2025-09-28 20:21:56,337] Trial 100 finished with value: 1.824855089187622 and parameters: {'out_channels1': 6, 'kernel_size1': 3, 'dropout_rate': 0.2, 'hidden_dim': 249}. Best is trial 43 with value: 1.9781925678253174.
[I 2025-09-28 20:22:00,656] Trial 101 finished with value: 1.9669426679611206 and parameters: {'out_channels1': 7, 'kernel_size1': 3, 'dropout_rate': 0.2, 'hidden_dim': 239}. Best is trial 43 with value: 1.9781925678253174.
[I 2025-09-28 20:22:04,625] Trial 102 finished with value: 1.9737303256988525 and parameters: {'out_channels1': 7, 'kernel_size1': 3, 'dropout_rate': 0.2, 'hidden_dim': 241}. Best is trial 43 with value: 1.9781925678253174.
[I 2025-09-28 20:22:08,829] Trial 103 finished with value: 1.9330625534057617 and parameters: {'out_channels1': 7, 'kernel_size1': 3, 'dropout_rate': 0.2, 'hidden_dim': 229}. Best is trial 43 with value: 1.9781925678253174.
[I 2025-09-28 20:22:12,487] Trial 104 finished with value: 1.9494132995605469 and parameters: {'out_channels1': 8, 'kernel_size1': 3, 'dropout_rate': 0.2, 'hidden_dim': 248}. Best is trial 43 with value: 1.9781925678253174.
[I 2025-09-28 20:22:17,553] Trial 105 finished with value: 1.9820067882537842 and parameters: {'out_channels1': 5, 'kernel_size1': 3, 'dropout_rate': 0.2, 'hidden_dim': 221}. Best is trial 105 with value: 1.9820067882537842.
[I 2025-09-28 20:22:20,861] Trial 106 finished with value: 1.9497761726379395 and parameters: {'out_channels1': 4, 'kernel_size1': 3, 'dropout_rate': 0.2, 'hidden_dim': 223}. Best is trial 105 with value: 1.9820067882537842.
[I 2025-09-28 20:22:23,795] Trial 107 finished with value: 1.8666601181030273 and parameters: {'out_channels1': 5, 'kernel_size1': 3, 'dropout_rate': 0.4, 'hidden_dim': 233}. Best is trial 105 with value: 1.9820067882537842.
[I 2025-09-28 20:22:25,688] Trial 108 finished with value: 1.9415595531463623 and parameters: {'out_channels1': 5, 'kernel_size1': 3, 'dropout_rate': 0.2, 'hidden_dim': 219}. Best is trial 105 with value: 1.9820067882537842.
[I 2025-09-28 20:22:30,824] Trial 109 finished with value: 1.9621204137802124 and parameters: {'out_channels1': 5, 'kernel_size1': 3, 'dropout_rate': 0.2, 'hidden_dim': 237}. Best is trial 105 with value: 1.9820067882537842.
[I 2025-09-28 20:22:34,008] Trial 110 finished with value: 1.9439678192138672 and parameters: {'out_channels1': 6, 'kernel_size1': 3, 'dropout_rate': 0.2, 'hidden_dim': 48}. Best is trial 105 with value: 1.9820067882537842.
[I 2025-09-28 20:22:36,950] Trial 111 finished with value: 1.9780619144439697 and parameters: {'out_channels1': 7, 'kernel_size1': 3, 'dropout_rate': 0.2, 'hidden_dim': 243}. Best is trial 105 with value: 1.9820067882537842.
[I 2025-09-28 20:22:40,085] Trial 112 finished with value: 1.9766182899475098 and parameters: {'out_channels1': 6, 'kernel_size1': 3, 'dropout_rate': 0.2, 'hidden_dim': 252}. Best is trial 105 with value: 1.9820067882537842.
[I 2025-09-28 20:22:43,968] Trial 113 finished with value: 1.973074197769165 and parameters: {'out_channels1': 6, 'kernel_size1': 3, 'dropout_rate': 0.2, 'hidden_dim': 253}. Best is trial 105 with value: 1.9820067882537842.
[I 2025-09-28 20:22:47,153] Trial 114 finished with value: 1.9616773128509521 and parameters: {'out_channels1': 6, 'kernel_size1': 3, 'dropout_rate': 0.2, 'hidden_dim': 243}. Best is trial 105 with value: 1.9820067882537842.
[I 2025-09-28 20:22:50,970] Trial 115 finished with value: 1.964327096939087 and parameters: {'out_channels1': 4, 'kernel_size1': 3, 'dropout_rate': 0.2, 'hidden_dim': 252}. Best is trial 105 with value: 1.9820067882537842.
[I 2025-09-28 20:22:56,558] Trial 116 finished with value: 1.824855089187622 and parameters: {'out_channels1': 6, 'kernel_size1': 3, 'dropout_rate': 0.2, 'hidden_dim': 249}. Best is trial 105 with value: 1.9820067882537842.
[I 2025-09-28 20:22:59,854] Trial 117 finished with value: 1.9529973268508911 and parameters: {'out_channels1': 5, 'kernel_size1': 3, 'dropout_rate': 0.30000000000000004, 'hidden_dim': 240}. Best is trial 105 with value: 1.9820067882537842.
[I 2025-09-28 20:23:04,882] Trial 118 finished with value: 1.9403700828552246 and parameters: {'out_channels1': 10, 'kernel_size1': 3, 'dropout_rate': 0.5, 'hidden_dim': 246}. Best is trial 105 with value: 1.9820067882537842.
[I 2025-09-28 20:23:08,255] Trial 119 finished with value: 1.9751672744750977 and parameters: {'out_channels1': 7, 'kernel_size1': 3, 'dropout_rate': 0.2, 'hidden_dim': 227}. Best is trial 105 with value: 1.9820067882537842.
[I 2025-09-28 20:23:12,383] Trial 120 finished with value: 1.9717519283294678 and parameters: {'out_channels1': 5, 'kernel_size1': 2, 'dropout_rate': 0.2, 'hidden_dim': 236}. Best is trial 105 with value: 1.9820067882537842.
[I 2025-09-28 20:23:15,407] Trial 121 finished with value: 1.9762351512908936 and parameters: {'out_channels1': 7, 'kernel_size1': 3, 'dropout_rate': 0.2, 'hidden_dim': 232}. Best is trial 105 with value: 1.9820067882537842.
[I 2025-09-28 20:23:20,087] Trial 122 finished with value: 1.9702303409576416 and parameters: {'out_channels1': 8, 'kernel_size1': 3, 'dropout_rate': 0.2, 'hidden_dim': 253}. Best is trial 105 with value: 1.9820067882537842.
[I 2025-09-28 20:23:23,008] Trial 123 finished with value: 1.961282730102539 and parameters: {'out_channels1': 6, 'kernel_size1': 3, 'dropout_rate': 0.2, 'hidden_dim': 242}. Best is trial 105 with value: 1.9820067882537842.
[I 2025-09-28 20:23:27,563] Trial 124 finished with value: 1.9368056058883667 and parameters: {'out_channels1': 7, 'kernel_size1': 3, 'dropout_rate': 0.2, 'hidden_dim': 126}. Best is trial 105 with value: 1.9820067882537842.
[I 2025-09-28 20:23:33,216] Trial 125 finished with value: 1.9630229473114014 and parameters: {'out_channels1': 6, 'kernel_size1': 3, 'dropout_rate': 0.2, 'hidden_dim': 246}. Best is trial 105 with value: 1.9820067882537842.
[I 2025-09-28 20:23:37,137] Trial 126 finished with value: 1.9342987537384033 and parameters: {'out_channels1': 7, 'kernel_size1': 3, 'dropout_rate': 0.2, 'hidden_dim': 256}. Best is trial 105 with value: 1.9820067882537842.
[I 2025-09-28 20:23:45,096] Trial 127 finished with value: 1.9564595222473145 and parameters: {'out_channels1': 8, 'kernel_size1': 3, 'dropout_rate': 0.2, 'hidden_dim': 171}. Best is trial 105 with value: 1.9820067882537842.
[I 2025-09-28 20:23:49,907] Trial 128 finished with value: 1.971745491027832 and parameters: {'out_channels1': 6, 'kernel_size1': 3, 'dropout_rate': 0.2, 'hidden_dim': 238}. Best is trial 105 with value: 1.9820067882537842.
[I 2025-09-28 20:23:53,374] Trial 129 finished with value: 1.979658603668213 and parameters: {'out_channels1': 7, 'kernel_size1': 3, 'dropout_rate': 0.2, 'hidden_dim': 211}. Best is trial 105 with value: 1.9820067882537842.
[I 2025-09-28 20:23:55,683] Trial 130 finished with value: 1.9606218338012695 and parameters: {'out_channels1': 5, 'kernel_size1': 3, 'dropout_rate': 0.2, 'hidden_dim': 214}. Best is trial 105 with value: 1.9820067882537842.
[I 2025-09-28 20:23:58,795] Trial 131 finished with value: 1.9737060070037842 and parameters: {'out_channels1': 7, 'kernel_size1': 3, 'dropout_rate': 0.2, 'hidden_dim': 205}. Best is trial 105 with value: 1.9820067882537842.
[I 2025-09-28 20:24:02,006] Trial 132 finished with value: 1.9763554334640503 and parameters: {'out_channels1': 7, 'kernel_size1': 3, 'dropout_rate': 0.2, 'hidden_dim': 219}. Best is trial 105 with value: 1.9820067882537842.
[I 2025-09-28 20:24:05,701] Trial 133 finished with value: 1.95833420753479 and parameters: {'out_channels1': 7, 'kernel_size1': 3, 'dropout_rate': 0.2, 'hidden_dim': 226}. Best is trial 105 with value: 1.9820067882537842.
[I 2025-09-28 20:24:11,538] Trial 134 finished with value: 1.9634346961975098 and parameters: {'out_channels1': 6, 'kernel_size1': 3, 'dropout_rate': 0.2, 'hidden_dim': 211}. Best is trial 105 with value: 1.9820067882537842.
[I 2025-09-28 20:24:14,480] Trial 135 finished with value: 1.9492831230163574 and parameters: {'out_channels1': 8, 'kernel_size1': 3, 'dropout_rate': 0.2, 'hidden_dim': 232}. Best is trial 105 with value: 1.9820067882537842.
[I 2025-09-28 20:24:19,557] Trial 136 finished with value: 1.969870686531067 and parameters: {'out_channels1': 7, 'kernel_size1': 3, 'dropout_rate': 0.2, 'hidden_dim': 250}. Best is trial 105 with value: 1.9820067882537842.
[I 2025-09-28 20:24:23,730] Trial 137 finished with value: 1.9686825275421143 and parameters: {'out_channels1': 6, 'kernel_size1': 3, 'dropout_rate': 0.2, 'hidden_dim': 177}. Best is trial 105 with value: 1.9820067882537842.
[I 2025-09-28 20:24:27,251] Trial 138 finished with value: 1.9449679851531982 and parameters: {'out_channels1': 7, 'kernel_size1': 3, 'dropout_rate': 0.2, 'hidden_dim': 197}. Best is trial 105 with value: 1.9820067882537842.
[I 2025-09-28 20:24:30,172] Trial 139 finished with value: 1.961282730102539 and parameters: {'out_channels1': 6, 'kernel_size1': 3, 'dropout_rate': 0.2, 'hidden_dim': 242}. Best is trial 105 with value: 1.9820067882537842.
[I 2025-09-28 20:24:35,057] Trial 140 finished with value: 1.9675657749176025 and parameters: {'out_channels1': 8, 'kernel_size1': 3, 'dropout_rate': 0.2, 'hidden_dim': 256}. Best is trial 105 with value: 1.9820067882537842.
[I 2025-09-28 20:24:38,258] Trial 141 finished with value: 1.9763554334640503 and parameters: {'out_channels1': 7, 'kernel_size1': 3, 'dropout_rate': 0.2, 'hidden_dim': 219}. Best is trial 105 with value: 1.9820067882537842.
[I 2025-09-28 20:24:41,652] Trial 142 finished with value: 1.8835159540176392 and parameters: {'out_channels1': 7, 'kernel_size1': 3, 'dropout_rate': 0.2, 'hidden_dim': 248}. Best is trial 105 with value: 1.9820067882537842.
[I 2025-09-28 20:24:46,790] Trial 143 finished with value: 1.974266529083252 and parameters: {'out_channels1': 7, 'kernel_size1': 3, 'dropout_rate': 0.2, 'hidden_dim': 222}. Best is trial 105 with value: 1.9820067882537842.
[I 2025-09-28 20:24:49,202] Trial 144 finished with value: 1.970127820968628 and parameters: {'out_channels1': 6, 'kernel_size1': 3, 'dropout_rate': 0.2, 'hidden_dim': 217}. Best is trial 105 with value: 1.9820067882537842.
[I 2025-09-28 20:24:52,114] Trial 145 finished with value: 1.972343921661377 and parameters: {'out_channels1': 7, 'kernel_size1': 3, 'dropout_rate': 0.2, 'hidden_dim': 237}. Best is trial 105 with value: 1.9820067882537842.
[I 2025-09-28 20:24:56,206] Trial 146 finished with value: 1.9652496576309204 and parameters: {'out_channels1': 8, 'kernel_size1': 3, 'dropout_rate': 0.2, 'hidden_dim': 229}. Best is trial 105 with value: 1.9820067882537842.
[I 2025-09-28 20:24:59,153] Trial 147 finished with value: 1.9780619144439697 and parameters: {'out_channels1': 7, 'kernel_size1': 3, 'dropout_rate': 0.2, 'hidden_dim': 243}. Best is trial 105 with value: 1.9820067882537842.
[I 2025-09-28 20:25:04,286] Trial 148 finished with value: 1.9781925678253174 and parameters: {'out_channels1': 5, 'kernel_size1': 3, 'dropout_rate': 0.2, 'hidden_dim': 244}. Best is trial 105 with value: 1.9820067882537842.
[I 2025-09-28 20:25:07,112] Trial 149 finished with value: 1.9689167737960815 and parameters: {'out_channels1': 5, 'kernel_size1': 3, 'dropout_rate': 0.4, 'hidden_dim': 244}. Best is trial 105 with value: 1.9820067882537842.
[I 2025-09-28 20:25:11,579] Trial 150 finished with value: 1.9664855003356934 and parameters: {'out_channels1': 4, 'kernel_size1': 3, 'dropout_rate': 0.2, 'hidden_dim': 251}. Best is trial 105 with value: 1.9820067882537842.
[I 2025-09-28 20:25:13,877] Trial 151 finished with value: 1.9424022436141968 and parameters: {'out_channels1': 5, 'kernel_size1': 3, 'dropout_rate': 0.2, 'hidden_dim': 246}. Best is trial 105 with value: 1.9820067882537842.
[I 2025-09-28 20:25:19,617] Trial 152 finished with value: 1.9704166650772095 and parameters: {'out_channels1': 6, 'kernel_size1': 3, 'dropout_rate': 0.2, 'hidden_dim': 239}. Best is trial 105 with value: 1.9820067882537842.
[I 2025-09-28 20:25:23,179] Trial 153 finished with value: 1.960348129272461 and parameters: {'out_channels1': 6, 'kernel_size1': 3, 'dropout_rate': 0.2, 'hidden_dim': 233}. Best is trial 105 with value: 1.9820067882537842.
[I 2025-09-28 20:25:26,694] Trial 154 finished with value: 1.9578266143798828 and parameters: {'out_channels1': 5, 'kernel_size1': 3, 'dropout_rate': 0.2, 'hidden_dim': 242}. Best is trial 105 with value: 1.9820067882537842.
[I 2025-09-28 20:25:30,526] Trial 155 finished with value: 1.964327096939087 and parameters: {'out_channels1': 4, 'kernel_size1': 3, 'dropout_rate': 0.2, 'hidden_dim': 252}. Best is trial 105 with value: 1.9820067882537842.
[I 2025-09-28 20:25:33,000] Trial 156 finished with value: 1.9422322511672974 and parameters: {'out_channels1': 5, 'kernel_size1': 3, 'dropout_rate': 0.2, 'hidden_dim': 248}. Best is trial 105 with value: 1.9820067882537842.
[I 2025-09-28 20:25:38,563] Trial 157 finished with value: 1.8186849355697632 and parameters: {'out_channels1': 8, 'kernel_size1': 3, 'dropout_rate': 0.30000000000000004, 'hidden_dim': 163}. Best is trial 105 with value: 1.9820067882537842.
[I 2025-09-28 20:25:42,355] Trial 158 finished with value: 1.9515929222106934 and parameters: {'out_channels1': 7, 'kernel_size1': 3, 'dropout_rate': 0.2, 'hidden_dim': 236}. Best is trial 105 with value: 1.9820067882537842.
[I 2025-09-28 20:25:44,574] Trial 159 finished with value: 1.9325101375579834 and parameters: {'out_channels1': 6, 'kernel_size1': 3, 'dropout_rate': 0.2, 'hidden_dim': 150}. Best is trial 105 with value: 1.9820067882537842.
[I 2025-09-28 20:25:48,780] Trial 160 finished with value: 1.9342987537384033 and parameters: {'out_channels1': 7, 'kernel_size1': 3, 'dropout_rate': 0.2, 'hidden_dim': 256}. Best is trial 105 with value: 1.9820067882537842.
[I 2025-09-28 20:25:51,750] Trial 161 finished with value: 1.9780619144439697 and parameters: {'out_channels1': 7, 'kernel_size1': 3, 'dropout_rate': 0.2, 'hidden_dim': 243}. Best is trial 105 with value: 1.9820067882537842.
[I 2025-09-28 20:25:54,699] Trial 162 finished with value: 1.9780619144439697 and parameters: {'out_channels1': 7, 'kernel_size1': 3, 'dropout_rate': 0.2, 'hidden_dim': 243}. Best is trial 105 with value: 1.9820067882537842.
[I 2025-09-28 20:25:57,450] Trial 163 finished with value: 1.9707317352294922 and parameters: {'out_channels1': 7, 'kernel_size1': 3, 'dropout_rate': 0.2, 'hidden_dim': 242}. Best is trial 105 with value: 1.9820067882537842.
[I 2025-09-28 20:26:00,670] Trial 164 finished with value: 1.976348638534546 and parameters: {'out_channels1': 7, 'kernel_size1': 3, 'dropout_rate': 0.2, 'hidden_dim': 246}. Best is trial 105 with value: 1.9820067882537842.
[I 2025-09-28 20:26:04,654] Trial 165 finished with value: 1.9719847440719604 and parameters: {'out_channels1': 6, 'kernel_size1': 3, 'dropout_rate': 0.2, 'hidden_dim': 251}. Best is trial 105 with value: 1.9820067882537842.
[I 2025-09-28 20:26:08,971] Trial 166 finished with value: 1.9669426679611206 and parameters: {'out_channels1': 7, 'kernel_size1': 3, 'dropout_rate': 0.2, 'hidden_dim': 239}. Best is trial 105 with value: 1.9820067882537842.
[I 2025-09-28 20:26:14,691] Trial 167 finished with value: 1.9191222190856934 and parameters: {'out_channels1': 16, 'kernel_size1': 3, 'dropout_rate': 0.2, 'hidden_dim': 247}. Best is trial 105 with value: 1.9820067882537842.
[I 2025-09-28 20:26:18,747] Trial 168 finished with value: 1.9641749858856201 and parameters: {'out_channels1': 6, 'kernel_size1': 3, 'dropout_rate': 0.2, 'hidden_dim': 244}. Best is trial 105 with value: 1.9820067882537842.
[I 2025-09-28 20:26:22,949] Trial 169 finished with value: 1.9731686115264893 and parameters: {'out_channels1': 8, 'kernel_size1': 3, 'dropout_rate': 0.2, 'hidden_dim': 252}. Best is trial 105 with value: 1.9820067882537842.
[I 2025-09-28 20:26:26,432] Trial 170 finished with value: 1.9719306230545044 and parameters: {'out_channels1': 5, 'kernel_size1': 3, 'dropout_rate': 0.2, 'hidden_dim': 235}. Best is trial 105 with value: 1.9820067882537842.
[I 2025-09-28 20:26:30,669] Trial 171 finished with value: 1.9737303256988525 and parameters: {'out_channels1': 7, 'kernel_size1': 3, 'dropout_rate': 0.2, 'hidden_dim': 241}. Best is trial 105 with value: 1.9820067882537842.
[I 2025-09-28 20:26:34,894] Trial 172 finished with value: 1.9330625534057617 and parameters: {'out_channels1': 7, 'kernel_size1': 3, 'dropout_rate': 0.2, 'hidden_dim': 229}. Best is trial 105 with value: 1.9820067882537842.
[I 2025-09-28 20:26:38,826] Trial 173 finished with value: 1.964935302734375 and parameters: {'out_channels1': 12, 'kernel_size1': 3, 'dropout_rate': 0.2, 'hidden_dim': 249}. Best is trial 105 with value: 1.9820067882537842.
[I 2025-09-28 20:26:42,020] Trial 174 finished with value: 1.973466157913208 and parameters: {'out_channels1': 7, 'kernel_size1': 3, 'dropout_rate': 0.2, 'hidden_dim': 233}. Best is trial 105 with value: 1.9820067882537842.
[I 2025-09-28 20:26:46,778] Trial 175 finished with value: 1.9422144889831543 and parameters: {'out_channels1': 8, 'kernel_size1': 2, 'dropout_rate': 0.2, 'hidden_dim': 225}. Best is trial 105 with value: 1.9820067882537842.
[I 2025-09-28 20:26:49,481] Trial 176 finished with value: 1.9338572025299072 and parameters: {'out_channels1': 7, 'kernel_size1': 3, 'dropout_rate': 0.2, 'hidden_dim': 253}. Best is trial 105 with value: 1.9820067882537842.
[I 2025-09-28 20:26:53,639] Trial 177 finished with value: 1.9786829948425293 and parameters: {'out_channels1': 6, 'kernel_size1': 3, 'dropout_rate': 0.2, 'hidden_dim': 245}. Best is trial 105 with value: 1.9820067882537842.
[I 2025-09-28 20:26:56,166] Trial 178 finished with value: 1.9143848419189453 and parameters: {'out_channels1': 5, 'kernel_size1': 3, 'dropout_rate': 0.2, 'hidden_dim': 138}. Best is trial 105 with value: 1.9820067882537842.
[I 2025-09-28 20:27:00,201] Trial 179 finished with value: 1.9641749858856201 and parameters: {'out_channels1': 6, 'kernel_size1': 3, 'dropout_rate': 0.2, 'hidden_dim': 244}. Best is trial 105 with value: 1.9820067882537842.
[I 2025-09-28 20:27:06,319] Trial 180 finished with value: 1.9553256034851074 and parameters: {'out_channels1': 6, 'kernel_size1': 3, 'dropout_rate': 0.2, 'hidden_dim': 256}. Best is trial 105 with value: 1.9820067882537842.
[I 2025-09-28 20:27:09,707] Trial 181 finished with value: 1.8835159540176392 and parameters: {'out_channels1': 7, 'kernel_size1': 3, 'dropout_rate': 0.2, 'hidden_dim': 248}. Best is trial 105 with value: 1.9820067882537842.
[I 2025-09-28 20:27:13,357] Trial 182 finished with value: 1.9608166217803955 and parameters: {'out_channels1': 6, 'kernel_size1': 3, 'dropout_rate': 0.2, 'hidden_dim': 237}. Best is trial 105 with value: 1.9820067882537842.
[I 2025-09-28 20:27:19,896] Trial 183 finished with value: 1.9557321071624756 and parameters: {'out_channels1': 6, 'kernel_size1': 3, 'dropout_rate': 0.2, 'hidden_dim': 241}. Best is trial 105 with value: 1.9820067882537842.
[I 2025-09-28 20:27:22,718] Trial 184 finished with value: 1.9433634281158447 and parameters: {'out_channels1': 7, 'kernel_size1': 3, 'dropout_rate': 0.2, 'hidden_dim': 109}. Best is trial 105 with value: 1.9820067882537842.
[I 2025-09-28 20:27:25,942] Trial 185 finished with value: 1.976348638534546 and parameters: {'out_channels1': 7, 'kernel_size1': 3, 'dropout_rate': 0.2, 'hidden_dim': 246}. Best is trial 105 with value: 1.9820067882537842.
[I 2025-09-28 20:27:30,742] Trial 186 finished with value: 1.9687827825546265 and parameters: {'out_channels1': 7, 'kernel_size1': 3, 'dropout_rate': 0.2, 'hidden_dim': 251}. Best is trial 105 with value: 1.9820067882537842.
[I 2025-09-28 20:27:35,325] Trial 187 finished with value: 1.9584448337554932 and parameters: {'out_channels1': 9, 'kernel_size1': 3, 'dropout_rate': 0.2, 'hidden_dim': 240}. Best is trial 105 with value: 1.9820067882537842.
[I 2025-09-28 20:27:39,494] Trial 188 finished with value: 1.9786829948425293 and parameters: {'out_channels1': 6, 'kernel_size1': 3, 'dropout_rate': 0.2, 'hidden_dim': 245}. Best is trial 105 with value: 1.9820067882537842.
[I 2025-09-28 20:27:44,647] Trial 189 finished with value: 1.9781925678253174 and parameters: {'out_channels1': 5, 'kernel_size1': 3, 'dropout_rate': 0.2, 'hidden_dim': 244}. Best is trial 105 with value: 1.9820067882537842.
[I 2025-09-28 20:27:47,914] Trial 190 finished with value: 1.9719306230545044 and parameters: {'out_channels1': 5, 'kernel_size1': 3, 'dropout_rate': 0.2, 'hidden_dim': 235}. Best is trial 105 with value: 1.9820067882537842.
[I 2025-09-28 20:27:51,752] Trial 191 finished with value: 1.9501872062683105 and parameters: {'out_channels1': 5, 'kernel_size1': 3, 'dropout_rate': 0.2, 'hidden_dim': 245}. Best is trial 105 with value: 1.9820067882537842.
[I 2025-09-28 20:27:57,354] Trial 192 finished with value: 1.824855089187622 and parameters: {'out_channels1': 6, 'kernel_size1': 3, 'dropout_rate': 0.2, 'hidden_dim': 249}. Best is trial 105 with value: 1.9820067882537842.
[I 2025-09-28 20:28:00,541] Trial 193 finished with value: 1.9616773128509521 and parameters: {'out_channels1': 6, 'kernel_size1': 3, 'dropout_rate': 0.2, 'hidden_dim': 243}. Best is trial 105 with value: 1.9820067882537842.
