[I 2025-09-28 20:28:03,316] Trial 194 finished with value: 1.9789602756500244 and parameters: {'out_channels1': 5, 'kernel_size1': 3, 'dropout_rate': 0.2, 'hidden_dim': 252}. Best is trial 105 with value: 1.9820067882537842.
[I 2025-09-28 20:28:07,538] Trial 195 finished with value: 1.9576197862625122 and parameters: {'out_channels1': 5, 'kernel_size1': 3, 'dropout_rate': 0.2, 'hidden_dim': 256}. Best is trial 105 with value: 1.9820067882537842.
[I 2025-09-28 20:28:09,529] Trial 196 finished with value: 1.921265959739685 and parameters: {'out_channels1': 4, 'kernel_size1': 3, 'dropout_rate': 0.2, 'hidden_dim': 239}. Best is trial 105 with value: 1.9820067882537842.
[I 2025-09-28 20:28:11,761] Trial 197 finished with value: 1.9698487520217896 and parameters: {'out_channels1': 5, 'kernel_size1': 3, 'dropout_rate': 0.2, 'hidden_dim': 247}. Best is trial 105 with value: 1.9820067882537842.
[I 2025-09-28 20:28:15,781] Trial 198 finished with value: 1.961008071899414 and parameters: {'out_channels1': 5, 'kernel_size1': 3, 'dropout_rate': 0.2, 'hidden_dim': 243}. Best is trial 105 with value: 1.9820067882537842.
[I 2025-09-28 20:28:19,688] Trial 199 finished with value: 1.975266456604004 and parameters: {'out_channels1': 5, 'kernel_size1': 3, 'dropout_rate': 0.2, 'hidden_dim': 251}. Best is trial 105 with value: 1.9820067882537842.
[I 2025-09-28 20:28:23,737] Trial 200 finished with value: 1.926061749458313 and parameters: {'out_channels1': 13, 'kernel_size1': 3, 'dropout_rate': 0.4, 'hidden_dim': 230}. Best is trial 105 with value: 1.9820067882537842.
[I 2025-09-28 20:28:26,884] Trial 201 finished with value: 1.9766182899475098 and parameters: {'out_channels1': 6, 'kernel_size1': 3, 'dropout_rate': 0.2, 'hidden_dim': 252}. Best is trial 105 with value: 1.9820067882537842.
[I 2025-09-28 20:28:31,141] Trial 202 finished with value: 1.9767435789108276 and parameters: {'out_channels1': 6, 'kernel_size1': 3, 'dropout_rate': 0.2, 'hidden_dim': 248}. Best is trial 105 with value: 1.9820067882537842.
[I 2025-09-28 20:28:33,458] Trial 203 finished with value: 1.9424022436141968 and parameters: {'out_channels1': 5, 'kernel_size1': 3, 'dropout_rate': 0.2, 'hidden_dim': 246}. Best is trial 105 with value: 1.9820067882537842.
[I 2025-09-28 20:28:37,098] Trial 204 finished with value: 1.9159119129180908 and parameters: {'out_channels1': 5, 'kernel_size1': 3, 'dropout_rate': 0.2, 'hidden_dim': 241}. Best is trial 105 with value: 1.9820067882537842.
[I 2025-09-28 20:28:40,534] Trial 205 finished with value: 1.9608166217803955 and parameters: {'out_channels1': 6, 'kernel_size1': 3, 'dropout_rate': 0.2, 'hidden_dim': 237}. Best is trial 105 with value: 1.9820067882537842.
[I 2025-09-28 20:28:44,776] Trial 206 finished with value: 1.9767435789108276 and parameters: {'out_channels1': 6, 'kernel_size1': 3, 'dropout_rate': 0.2, 'hidden_dim': 248}. Best is trial 105 with value: 1.9820067882537842.
[I 2025-09-28 20:28:48,686] Trial 207 finished with value: 1.9679704904556274 and parameters: {'out_channels1': 4, 'kernel_size1': 3, 'dropout_rate': 0.2, 'hidden_dim': 248}. Best is trial 105 with value: 1.9820067882537842.
[I 2025-09-28 20:28:52,910] Trial 208 finished with value: 1.9576197862625122 and parameters: {'out_channels1': 5, 'kernel_size1': 3, 'dropout_rate': 0.2, 'hidden_dim': 256}. Best is trial 105 with value: 1.9820067882537842.
[I 2025-09-28 20:28:55,857] Trial 209 finished with value: 1.9748671054840088 and parameters: {'out_channels1': 7, 'kernel_size1': 3, 'dropout_rate': 0.2, 'hidden_dim': 245}. Best is trial 105 with value: 1.9820067882537842.
[I 2025-09-28 20:28:59,858] Trial 210 finished with value: 1.9719847440719604 and parameters: {'out_channels1': 6, 'kernel_size1': 3, 'dropout_rate': 0.2, 'hidden_dim': 251}. Best is trial 105 with value: 1.9820067882537842.
[I 2025-09-28 20:29:03,055] Trial 211 finished with value: 1.9616773128509521 and parameters: {'out_channels1': 6, 'kernel_size1': 3, 'dropout_rate': 0.2, 'hidden_dim': 243}. Best is trial 105 with value: 1.9820067882537842.
[I 2025-09-28 20:29:07,307] Trial 212 finished with value: 1.9767435789108276 and parameters: {'out_channels1': 6, 'kernel_size1': 3, 'dropout_rate': 0.2, 'hidden_dim': 248}. Best is trial 105 with value: 1.9820067882537842.
[I 2025-09-28 20:29:13,866] Trial 213 finished with value: 1.9697996377944946 and parameters: {'out_channels1': 6, 'kernel_size1': 3, 'dropout_rate': 0.2, 'hidden_dim': 247}. Best is trial 105 with value: 1.9820067882537842.
[I 2025-09-28 20:29:16,636] Trial 214 finished with value: 1.9722267389297485 and parameters: {'out_channels1': 6, 'kernel_size1': 3, 'dropout_rate': 0.2, 'hidden_dim': 240}. Best is trial 105 with value: 1.9820067882537842.
[I 2025-09-28 20:29:20,989] Trial 215 finished with value: 1.976750135421753 and parameters: {'out_channels1': 7, 'kernel_size1': 3, 'dropout_rate': 0.2, 'hidden_dim': 252}. Best is trial 105 with value: 1.9820067882537842.
[I 2025-09-28 20:29:23,532] Trial 216 finished with value: 1.9338572025299072 and parameters: {'out_channels1': 7, 'kernel_size1': 3, 'dropout_rate': 0.2, 'hidden_dim': 253}. Best is trial 105 with value: 1.9820067882537842.
[I 2025-09-28 20:29:28,321] Trial 217 finished with value: 1.9687827825546265 and parameters: {'out_channels1': 7, 'kernel_size1': 3, 'dropout_rate': 0.2, 'hidden_dim': 251}. Best is trial 105 with value: 1.9820067882537842.
[I 2025-09-28 20:29:32,246] Trial 218 finished with value: 1.9342987537384033 and parameters: {'out_channels1': 7, 'kernel_size1': 3, 'dropout_rate': 0.2, 'hidden_dim': 256}. Best is trial 105 with value: 1.9820067882537842.
[I 2025-09-28 20:29:35,164] Trial 219 finished with value: 1.972343921661377 and parameters: {'out_channels1': 7, 'kernel_size1': 3, 'dropout_rate': 0.2, 'hidden_dim': 237}. Best is trial 105 with value: 1.9820067882537842.
[I 2025-09-28 20:29:38,108] Trial 220 finished with value: 1.9780619144439697 and parameters: {'out_channels1': 7, 'kernel_size1': 3, 'dropout_rate': 0.2, 'hidden_dim': 243}. Best is trial 105 with value: 1.9820067882537842.
[I 2025-09-28 20:29:40,857] Trial 221 finished with value: 1.9707317352294922 and parameters: {'out_channels1': 7, 'kernel_size1': 3, 'dropout_rate': 0.2, 'hidden_dim': 242}. Best is trial 105 with value: 1.9820067882537842.
[I 2025-09-28 20:29:45,740] Trial 222 finished with value: 1.946531057357788 and parameters: {'out_channels1': 7, 'kernel_size1': 3, 'dropout_rate': 0.2, 'hidden_dim': 247}. Best is trial 105 with value: 1.9820067882537842.
[I 2025-09-28 20:29:48,149] Trial 223 finished with value: 1.9753326177597046 and parameters: {'out_channels1': 7, 'kernel_size1': 3, 'dropout_rate': 0.2, 'hidden_dim': 244}. Best is trial 105 with value: 1.9820067882537842.
[I 2025-09-28 20:29:53,239] Trial 224 finished with value: 1.969870686531067 and parameters: {'out_channels1': 7, 'kernel_size1': 3, 'dropout_rate': 0.2, 'hidden_dim': 250}. Best is trial 105 with value: 1.9820067882537842.
[I 2025-09-28 20:29:57,572] Trial 225 finished with value: 1.9669426679611206 and parameters: {'out_channels1': 7, 'kernel_size1': 3, 'dropout_rate': 0.2, 'hidden_dim': 239}. Best is trial 105 with value: 1.9820067882537842.
[I 2025-09-28 20:30:00,846] Trial 226 finished with value: 1.9744765758514404 and parameters: {'out_channels1': 8, 'kernel_size1': 3, 'dropout_rate': 0.2, 'hidden_dim': 245}. Best is trial 105 with value: 1.9820067882537842.
[I 2025-09-28 20:30:04,624] Trial 227 finished with value: 1.9361834526062012 and parameters: {'out_channels1': 5, 'kernel_size1': 3, 'dropout_rate': 0.2, 'hidden_dim': 234}. Best is trial 105 with value: 1.9820067882537842.
[I 2025-09-28 20:30:09,357] Trial 228 finished with value: 1.9702303409576416 and parameters: {'out_channels1': 8, 'kernel_size1': 3, 'dropout_rate': 0.2, 'hidden_dim': 253}. Best is trial 105 with value: 1.9820067882537842.
[I 2025-09-28 20:30:13,435] Trial 229 finished with value: 1.962249994277954 and parameters: {'out_channels1': 7, 'kernel_size1': 3, 'dropout_rate': 0.2, 'hidden_dim': 249}. Best is trial 105 with value: 1.9820067882537842.
[I 2025-09-28 20:30:18,017] Trial 230 finished with value: 1.9570529460906982 and parameters: {'out_channels1': 5, 'kernel_size1': 3, 'dropout_rate': 0.2, 'hidden_dim': 240}. Best is trial 105 with value: 1.9820067882537842.
[I 2025-09-28 20:30:22,271] Trial 231 finished with value: 1.9767435789108276 and parameters: {'out_channels1': 6, 'kernel_size1': 3, 'dropout_rate': 0.2, 'hidden_dim': 248}. Best is trial 105 with value: 1.9820067882537842.
[I 2025-09-28 20:30:25,286] Trial 232 finished with value: 1.9621665477752686 and parameters: {'out_channels1': 6, 'kernel_size1': 3, 'dropout_rate': 0.5, 'hidden_dim': 245}. Best is trial 105 with value: 1.9820067882537842.
[I 2025-09-28 20:30:28,300] Trial 233 finished with value: 1.9598133563995361 and parameters: {'out_channels1': 6, 'kernel_size1': 3, 'dropout_rate': 0.2, 'hidden_dim': 250}. Best is trial 105 with value: 1.9820067882537842.
[I 2025-09-28 20:30:31,263] Trial 234 finished with value: 1.9780619144439697 and parameters: {'out_channels1': 7, 'kernel_size1': 3, 'dropout_rate': 0.2, 'hidden_dim': 243}. Best is trial 105 with value: 1.9820067882537842.
[I 2025-09-28 20:30:34,031] Trial 235 finished with value: 1.9707317352294922 and parameters: {'out_channels1': 7, 'kernel_size1': 3, 'dropout_rate': 0.2, 'hidden_dim': 242}. Best is trial 105 with value: 1.9820067882537842.
[I 2025-09-28 20:30:37,212] Trial 236 finished with value: 1.972343921661377 and parameters: {'out_channels1': 7, 'kernel_size1': 3, 'dropout_rate': 0.2, 'hidden_dim': 237}. Best is trial 105 with value: 1.9820067882537842.
[I 2025-09-28 20:30:39,599] Trial 237 finished with value: 1.9653688669204712 and parameters: {'out_channels1': 7, 'kernel_size1': 3, 'dropout_rate': 0.2, 'hidden_dim': 63}. Best is trial 105 with value: 1.9820067882537842.
[I 2025-09-28 20:30:42,150] Trial 238 finished with value: 1.9338572025299072 and parameters: {'out_channels1': 7, 'kernel_size1': 3, 'dropout_rate': 0.2, 'hidden_dim': 253}. Best is trial 105 with value: 1.9820067882537842.
[I 2025-09-28 20:30:45,103] Trial 239 finished with value: 1.9780619144439697 and parameters: {'out_channels1': 7, 'kernel_size1': 3, 'dropout_rate': 0.2, 'hidden_dim': 243}. Best is trial 105 with value: 1.9820067882537842.
[I 2025-09-28 20:30:48,302] Trial 240 finished with value: 1.973466157913208 and parameters: {'out_channels1': 7, 'kernel_size1': 3, 'dropout_rate': 0.2, 'hidden_dim': 233}. Best is trial 105 with value: 1.9820067882537842.
[I 2025-09-28 20:30:51,054] Trial 241 finished with value: 1.9707317352294922 and parameters: {'out_channels1': 7, 'kernel_size1': 3, 'dropout_rate': 0.2, 'hidden_dim': 242}. Best is trial 105 with value: 1.9820067882537842.
[I 2025-09-28 20:30:54,285] Trial 242 finished with value: 1.976348638534546 and parameters: {'out_channels1': 7, 'kernel_size1': 3, 'dropout_rate': 0.2, 'hidden_dim': 246}. Best is trial 105 with value: 1.9820067882537842.
[I 2025-09-28 20:30:57,242] Trial 243 finished with value: 1.9780619144439697 and parameters: {'out_channels1': 7, 'kernel_size1': 3, 'dropout_rate': 0.2, 'hidden_dim': 243}. Best is trial 105 with value: 1.9820067882537842.
[I 2025-09-28 20:31:00,565] Trial 244 finished with value: 1.9763365983963013 and parameters: {'out_channels1': 8, 'kernel_size1': 3, 'dropout_rate': 0.2, 'hidden_dim': 240}. Best is trial 105 with value: 1.9820067882537842.
[I 2025-09-28 20:31:02,995] Trial 245 finished with value: 1.9753326177597046 and parameters: {'out_channels1': 7, 'kernel_size1': 3, 'dropout_rate': 0.2, 'hidden_dim': 244}. Best is trial 105 with value: 1.9820067882537842.
[I 2025-09-28 20:31:07,517] Trial 246 finished with value: 1.9781428575515747 and parameters: {'out_channels1': 7, 'kernel_size1': 3, 'dropout_rate': 0.2, 'hidden_dim': 240}. Best is trial 105 with value: 1.9820067882537842.
[I 2025-09-28 20:31:10,525] Trial 247 finished with value: 1.9432306289672852 and parameters: {'out_channels1': 7, 'kernel_size1': 3, 'dropout_rate': 0.2, 'hidden_dim': 238}. Best is trial 105 with value: 1.9820067882537842.
[I 2025-09-28 20:31:14,405] Trial 248 finished with value: 1.9515929222106934 and parameters: {'out_channels1': 7, 'kernel_size1': 3, 'dropout_rate': 0.2, 'hidden_dim': 236}. Best is trial 105 with value: 1.9820067882537842.
[I 2025-09-28 20:31:18,173] Trial 249 finished with value: 1.942690134048462 and parameters: {'out_channels1': 7, 'kernel_size1': 3, 'dropout_rate': 0.2, 'hidden_dim': 191}. Best is trial 105 with value: 1.9820067882537842.
[I 2025-09-28 20:31:21,581] Trial 250 finished with value: 1.9696543216705322 and parameters: {'out_channels1': 7, 'kernel_size1': 2, 'dropout_rate': 0.2, 'hidden_dim': 242}. Best is trial 105 with value: 1.9820067882537842.
[I 2025-09-28 20:31:24,946] Trial 251 finished with value: 1.973466157913208 and parameters: {'out_channels1': 7, 'kernel_size1': 3, 'dropout_rate': 0.2, 'hidden_dim': 233}. Best is trial 105 with value: 1.9820067882537842.
[I 2025-09-28 20:31:30,098] Trial 252 finished with value: 1.9702303409576416 and parameters: {'out_channels1': 8, 'kernel_size1': 3, 'dropout_rate': 0.2, 'hidden_dim': 253}. Best is trial 105 with value: 1.9820067882537842.
[I 2025-09-28 20:31:33,058] Trial 253 finished with value: 1.9780619144439697 and parameters: {'out_channels1': 7, 'kernel_size1': 3, 'dropout_rate': 0.2, 'hidden_dim': 243}. Best is trial 105 with value: 1.9820067882537842.
[I 2025-09-28 20:31:36,093] Trial 254 finished with value: 1.9432306289672852 and parameters: {'out_channels1': 7, 'kernel_size1': 3, 'dropout_rate': 0.2, 'hidden_dim': 238}. Best is trial 105 with value: 1.9820067882537842.
[I 2025-09-28 20:31:39,053] Trial 255 finished with value: 1.9780619144439697 and parameters: {'out_channels1': 7, 'kernel_size1': 3, 'dropout_rate': 0.2, 'hidden_dim': 243}. Best is trial 105 with value: 1.9820067882537842.
[I 2025-09-28 20:31:41,740] Trial 256 finished with value: 1.974898099899292 and parameters: {'out_channels1': 7, 'kernel_size1': 3, 'dropout_rate': 0.2, 'hidden_dim': 231}. Best is trial 105 with value: 1.9820067882537842.
[I 2025-09-28 20:31:46,207] Trial 257 finished with value: 1.9718973636627197 and parameters: {'out_channels1': 8, 'kernel_size1': 3, 'dropout_rate': 0.2, 'hidden_dim': 243}. Best is trial 105 with value: 1.9820067882537842.
[I 2025-09-28 20:31:49,366] Trial 258 finished with value: 1.972343921661377 and parameters: {'out_channels1': 7, 'kernel_size1': 3, 'dropout_rate': 0.2, 'hidden_dim': 237}. Best is trial 105 with value: 1.9820067882537842.
[I 2025-09-28 20:31:52,326] Trial 259 finished with value: 1.9780619144439697 and parameters: {'out_channels1': 7, 'kernel_size1': 3, 'dropout_rate': 0.2, 'hidden_dim': 243}. Best is trial 105 with value: 1.9820067882537842.
[I 2025-09-28 20:31:55,058] Trial 260 finished with value: 1.9707317352294922 and parameters: {'out_channels1': 7, 'kernel_size1': 3, 'dropout_rate': 0.2, 'hidden_dim': 242}. Best is trial 105 with value: 1.9820067882537842.
[I 2025-09-28 20:31:58,871] Trial 261 finished with value: 1.9515929222106934 and parameters: {'out_channels1': 7, 'kernel_size1': 3, 'dropout_rate': 0.2, 'hidden_dim': 236}. Best is trial 105 with value: 1.9820067882537842.
[I 2025-09-28 20:32:04,555] Trial 262 finished with value: 1.9652072191238403 and parameters: {'out_channels1': 8, 'kernel_size1': 3, 'dropout_rate': 0.2, 'hidden_dim': 244}. Best is trial 105 with value: 1.9820067882537842.
[I 2025-09-28 20:32:08,761] Trial 263 finished with value: 1.9330625534057617 and parameters: {'out_channels1': 7, 'kernel_size1': 3, 'dropout_rate': 0.2, 'hidden_dim': 229}. Best is trial 105 with value: 1.9820067882537842.
[I 2025-09-28 20:32:12,117] Trial 264 finished with value: 1.950866937637329 and parameters: {'out_channels1': 15, 'kernel_size1': 3, 'dropout_rate': 0.2, 'hidden_dim': 240}. Best is trial 105 with value: 1.9820067882537842.
[I 2025-09-28 20:32:15,544] Trial 265 finished with value: 1.976348638534546 and parameters: {'out_channels1': 7, 'kernel_size1': 3, 'dropout_rate': 0.2, 'hidden_dim': 246}. Best is trial 105 with value: 1.9820067882537842.
[I 2025-09-28 20:32:18,725] Trial 266 finished with value: 1.9682605266571045 and parameters: {'out_channels1': 7, 'kernel_size1': 3, 'dropout_rate': 0.2, 'hidden_dim': 234}. Best is trial 105 with value: 1.9820067882537842.
[I 2025-09-28 20:32:24,375] Trial 267 finished with value: 1.9761719703674316 and parameters: {'out_channels1': 10, 'kernel_size1': 3, 'dropout_rate': 0.2, 'hidden_dim': 240}. Best is trial 105 with value: 1.9820067882537842.
[I 2025-09-28 20:32:27,314] Trial 268 finished with value: 1.9748671054840088 and parameters: {'out_channels1': 7, 'kernel_size1': 3, 'dropout_rate': 0.2, 'hidden_dim': 245}. Best is trial 105 with value: 1.9820067882537842.
[I 2025-09-28 20:32:30,945] Trial 269 finished with value: 1.972286581993103 and parameters: {'out_channels1': 8, 'kernel_size1': 3, 'dropout_rate': 0.2, 'hidden_dim': 249}. Best is trial 105 with value: 1.9820067882537842.
[I 2025-09-28 20:32:35,276] Trial 270 finished with value: 1.9669426679611206 and parameters: {'out_channels1': 7, 'kernel_size1': 3, 'dropout_rate': 0.2, 'hidden_dim': 239}. Best is trial 105 with value: 1.9820067882537842.
[I 2025-09-28 20:32:38,547] Trial 271 finished with value: 1.9744765758514404 and parameters: {'out_channels1': 8, 'kernel_size1': 3, 'dropout_rate': 0.2, 'hidden_dim': 245}. Best is trial 105 with value: 1.9820067882537842.
[I 2025-09-28 20:32:41,319] Trial 272 finished with value: 1.9703539609909058 and parameters: {'out_channels1': 7, 'kernel_size1': 3, 'dropout_rate': 0.2, 'hidden_dim': 235}. Best is trial 105 with value: 1.9820067882537842.
[I 2025-09-28 20:32:44,150] Trial 273 finished with value: 1.970644235610962 and parameters: {'out_channels1': 4, 'kernel_size1': 3, 'dropout_rate': 0.2, 'hidden_dim': 256}. Best is trial 105 with value: 1.9820067882537842.
[I 2025-09-28 20:32:47,098] Trial 274 finished with value: 1.9780619144439697 and parameters: {'out_channels1': 7, 'kernel_size1': 3, 'dropout_rate': 0.2, 'hidden_dim': 243}. Best is trial 105 with value: 1.9820067882537842.
[I 2025-09-28 20:32:51,742] Trial 275 finished with value: 1.9700143337249756 and parameters: {'out_channels1': 5, 'kernel_size1': 3, 'dropout_rate': 0.2, 'hidden_dim': 226}. Best is trial 105 with value: 1.9820067882537842.
[I 2025-09-28 20:32:54,769] Trial 276 finished with value: 1.9762351512908936 and parameters: {'out_channels1': 7, 'kernel_size1': 3, 'dropout_rate': 0.2, 'hidden_dim': 232}. Best is trial 105 with value: 1.9820067882537842.
[I 2025-09-28 20:32:58,736] Trial 277 finished with value: 1.9737303256988525 and parameters: {'out_channels1': 7, 'kernel_size1': 3, 'dropout_rate': 0.2, 'hidden_dim': 241}. Best is trial 105 with value: 1.9820067882537842.
[I 2025-09-28 20:33:02,780] Trial 278 finished with value: 1.961008071899414 and parameters: {'out_channels1': 5, 'kernel_size1': 3, 'dropout_rate': 0.2, 'hidden_dim': 243}. Best is trial 105 with value: 1.9820067882537842.
[I 2025-09-28 20:33:05,807] Trial 279 finished with value: 1.9432306289672852 and parameters: {'out_channels1': 7, 'kernel_size1': 3, 'dropout_rate': 0.2, 'hidden_dim': 238}. Best is trial 105 with value: 1.9820067882537842.
[I 2025-09-28 20:33:09,205] Trial 280 finished with value: 1.8835159540176392 and parameters: {'out_channels1': 7, 'kernel_size1': 3, 'dropout_rate': 0.2, 'hidden_dim': 248}. Best is trial 105 with value: 1.9820067882537842.
[I 2025-09-28 20:33:14,360] Trial 281 finished with value: 1.9781925678253174 and parameters: {'out_channels1': 5, 'kernel_size1': 3, 'dropout_rate': 0.2, 'hidden_dim': 244}. Best is trial 105 with value: 1.9820067882537842.
[I 2025-09-28 20:33:18,316] Trial 282 finished with value: 1.9683184623718262 and parameters: {'out_channels1': 5, 'kernel_size1': 3, 'dropout_rate': 0.2, 'hidden_dim': 236}. Best is trial 105 with value: 1.9820067882537842.
[I 2025-09-28 20:33:21,944] Trial 283 finished with value: 1.9159119129180908 and parameters: {'out_channels1': 5, 'kernel_size1': 3, 'dropout_rate': 0.2, 'hidden_dim': 241}. Best is trial 105 with value: 1.9820067882537842.
[I 2025-09-28 20:33:25,248] Trial 284 finished with value: 1.953356385231018 and parameters: {'out_channels1': 5, 'kernel_size1': 3, 'dropout_rate': 0.2, 'hidden_dim': 231}. Best is trial 105 with value: 1.9820067882537842.
[I 2025-09-28 20:33:28,221] Trial 285 finished with value: 1.9487911462783813 and parameters: {'out_channels1': 4, 'kernel_size1': 3, 'dropout_rate': 0.2, 'hidden_dim': 245}. Best is trial 105 with value: 1.9820067882537842.
[I 2025-09-28 20:33:31,537] Trial 286 finished with value: 1.947293996810913 and parameters: {'out_channels1': 5, 'kernel_size1': 3, 'dropout_rate': 0.2, 'hidden_dim': 239}. Best is trial 105 with value: 1.9820067882537842.
[I 2025-09-28 20:33:33,838] Trial 287 finished with value: 1.9424022436141968 and parameters: {'out_channels1': 5, 'kernel_size1': 3, 'dropout_rate': 0.2, 'hidden_dim': 246}. Best is trial 105 with value: 1.9820067882537842.
[I 2025-09-28 20:33:37,708] Trial 288 finished with value: 1.9667844772338867 and parameters: {'out_channels1': 8, 'kernel_size1': 3, 'dropout_rate': 0.2, 'hidden_dim': 234}. Best is trial 105 with value: 1.9820067882537842.
[I 2025-09-28 20:33:43,191] Trial 289 finished with value: 1.9299057722091675 and parameters: {'out_channels1': 11, 'kernel_size1': 3, 'dropout_rate': 0.2, 'hidden_dim': 242}. Best is trial 105 with value: 1.9820067882537842.
[I 2025-09-28 20:33:45,662] Trial 290 finished with value: 1.9422322511672974 and parameters: {'out_channels1': 5, 'kernel_size1': 3, 'dropout_rate': 0.2, 'hidden_dim': 248}. Best is trial 105 with value: 1.9820067882537842.
