[I 2025-09-28 20:41:30,968] Trial 388 finished with value: 1.97928786277771 and parameters: {'out_channels1': 5, 'kernel_size1': 3, 'dropout_rate': 0.2, 'hidden_dim': 253}. Best is trial 105 with value: 1.9820067882537842.
[I 2025-09-28 20:41:34,578] Trial 389 finished with value: 1.9789602756500244 and parameters: {'out_channels1': 5, 'kernel_size1': 3, 'dropout_rate': 0.2, 'hidden_dim': 252}. Best is trial 105 with value: 1.9820067882537842.
[I 2025-09-28 20:41:40,093] Trial 390 finished with value: 1.9711285829544067 and parameters: {'out_channels1': 4, 'kernel_size1': 3, 'dropout_rate': 0.30000000000000004, 'hidden_dim': 253}. Best is trial 105 with value: 1.9820067882537842.
[I 2025-09-28 20:41:43,175] Trial 391 finished with value: 1.9687862396240234 and parameters: {'out_channels1': 5, 'kernel_size1': 3, 'dropout_rate': 0.4, 'hidden_dim': 256}. Best is trial 105 with value: 1.9820067882537842.
[I 2025-09-28 20:41:49,179] Trial 392 finished with value: 1.9576197862625122 and parameters: {'out_channels1': 5, 'kernel_size1': 3, 'dropout_rate': 0.2, 'hidden_dim': 256}. Best is trial 105 with value: 1.9820067882537842.
[I 2025-09-28 20:41:54,411] Trial 393 finished with value: 1.97928786277771 and parameters: {'out_channels1': 5, 'kernel_size1': 3, 'dropout_rate': 0.2, 'hidden_dim': 253}. Best is trial 105 with value: 1.9820067882537842.
[I 2025-09-28 20:42:00,148] Trial 394 finished with value: 1.975266456604004 and parameters: {'out_channels1': 5, 'kernel_size1': 3, 'dropout_rate': 0.2, 'hidden_dim': 251}. Best is trial 105 with value: 1.9820067882537842.
[I 2025-09-28 20:42:05,215] Trial 395 finished with value: 1.97928786277771 and parameters: {'out_channels1': 5, 'kernel_size1': 3, 'dropout_rate': 0.2, 'hidden_dim': 253}. Best is trial 105 with value: 1.9820067882537842.
[I 2025-09-28 20:42:08,865] Trial 396 finished with value: 1.9789602756500244 and parameters: {'out_channels1': 5, 'kernel_size1': 3, 'dropout_rate': 0.2, 'hidden_dim': 252}. Best is trial 105 with value: 1.9820067882537842.
[I 2025-09-28 20:42:14,653] Trial 397 finished with value: 1.97928786277771 and parameters: {'out_channels1': 5, 'kernel_size1': 3, 'dropout_rate': 0.2, 'hidden_dim': 253}. Best is trial 105 with value: 1.9820067882537842.
[I 2025-09-28 20:42:20,389] Trial 398 finished with value: 1.97928786277771 and parameters: {'out_channels1': 5, 'kernel_size1': 3, 'dropout_rate': 0.2, 'hidden_dim': 253}. Best is trial 105 with value: 1.9820067882537842.
[I 2025-09-28 20:42:25,764] Trial 399 finished with value: 1.9576197862625122 and parameters: {'out_channels1': 5, 'kernel_size1': 3, 'dropout_rate': 0.2, 'hidden_dim': 256}. Best is trial 105 with value: 1.9820067882537842.
[I 2025-09-28 20:42:29,615] Trial 400 finished with value: 1.977692723274231 and parameters: {'out_channels1': 4, 'kernel_size1': 3, 'dropout_rate': 0.2, 'hidden_dim': 254}. Best is trial 105 with value: 1.9820067882537842.
[I 2025-09-28 20:42:35,174] Trial 401 finished with value: 1.9576197862625122 and parameters: {'out_channels1': 5, 'kernel_size1': 3, 'dropout_rate': 0.2, 'hidden_dim': 256}. Best is trial 105 with value: 1.9820067882537842.
[I 2025-09-28 20:42:40,979] Trial 402 finished with value: 1.975266456604004 and parameters: {'out_channels1': 5, 'kernel_size1': 3, 'dropout_rate': 0.2, 'hidden_dim': 251}. Best is trial 105 with value: 1.9820067882537842.
[I 2025-09-28 20:42:46,353] Trial 403 finished with value: 1.97928786277771 and parameters: {'out_channels1': 5, 'kernel_size1': 3, 'dropout_rate': 0.2, 'hidden_dim': 253}. Best is trial 105 with value: 1.9820067882537842.
[I 2025-09-28 20:42:50,421] Trial 404 finished with value: 1.970644235610962 and parameters: {'out_channels1': 4, 'kernel_size1': 3, 'dropout_rate': 0.2, 'hidden_dim': 256}. Best is trial 105 with value: 1.9820067882537842.
[I 2025-09-28 20:42:56,108] Trial 405 finished with value: 1.975266456604004 and parameters: {'out_channels1': 5, 'kernel_size1': 3, 'dropout_rate': 0.2, 'hidden_dim': 251}. Best is trial 105 with value: 1.9820067882537842.
[I 2025-09-28 20:42:59,665] Trial 406 finished with value: 1.9789602756500244 and parameters: {'out_channels1': 5, 'kernel_size1': 3, 'dropout_rate': 0.2, 'hidden_dim': 252}. Best is trial 105 with value: 1.9820067882537842.
[I 2025-09-28 20:43:03,682] Trial 407 finished with value: 1.9789602756500244 and parameters: {'out_channels1': 5, 'kernel_size1': 3, 'dropout_rate': 0.2, 'hidden_dim': 252}. Best is trial 105 with value: 1.9820067882537842.
[I 2025-09-28 20:43:08,262] Trial 408 finished with value: 1.9592947959899902 and parameters: {'out_channels1': 5, 'kernel_size1': 2, 'dropout_rate': 0.2, 'hidden_dim': 253}. Best is trial 105 with value: 1.9820067882537842.
[I 2025-09-28 20:43:13,928] Trial 409 finished with value: 1.975266456604004 and parameters: {'out_channels1': 5, 'kernel_size1': 3, 'dropout_rate': 0.2, 'hidden_dim': 251}. Best is trial 105 with value: 1.9820067882537842.
[I 2025-09-28 20:43:17,328] Trial 410 finished with value: 1.970644235610962 and parameters: {'out_channels1': 4, 'kernel_size1': 3, 'dropout_rate': 0.2, 'hidden_dim': 256}. Best is trial 105 with value: 1.9820067882537842.
[I 2025-09-28 20:43:22,811] Trial 411 finished with value: 1.97928786277771 and parameters: {'out_channels1': 5, 'kernel_size1': 3, 'dropout_rate': 0.2, 'hidden_dim': 253}. Best is trial 105 with value: 1.9820067882537842.
[I 2025-09-28 20:43:26,734] Trial 412 finished with value: 1.9789602756500244 and parameters: {'out_channels1': 5, 'kernel_size1': 3, 'dropout_rate': 0.2, 'hidden_dim': 252}. Best is trial 105 with value: 1.9820067882537842.
[I 2025-09-28 20:43:30,618] Trial 413 finished with value: 1.9789602756500244 and parameters: {'out_channels1': 5, 'kernel_size1': 3, 'dropout_rate': 0.2, 'hidden_dim': 252}. Best is trial 105 with value: 1.9820067882537842.
[I 2025-09-28 20:43:34,471] Trial 414 finished with value: 1.9789602756500244 and parameters: {'out_channels1': 5, 'kernel_size1': 3, 'dropout_rate': 0.2, 'hidden_dim': 252}. Best is trial 105 with value: 1.9820067882537842.
[I 2025-09-28 20:43:38,114] Trial 415 finished with value: 1.9789602756500244 and parameters: {'out_channels1': 5, 'kernel_size1': 3, 'dropout_rate': 0.2, 'hidden_dim': 252}. Best is trial 105 with value: 1.9820067882537842.
[I 2025-09-28 20:43:44,171] Trial 416 finished with value: 1.9576197862625122 and parameters: {'out_channels1': 5, 'kernel_size1': 3, 'dropout_rate': 0.2, 'hidden_dim': 256}. Best is trial 105 with value: 1.9820067882537842.
[I 2025-09-28 20:43:47,775] Trial 417 finished with value: 1.9789602756500244 and parameters: {'out_channels1': 5, 'kernel_size1': 3, 'dropout_rate': 0.2, 'hidden_dim': 252}. Best is trial 105 with value: 1.9820067882537842.
[I 2025-09-28 20:43:51,704] Trial 418 finished with value: 1.9789602756500244 and parameters: {'out_channels1': 5, 'kernel_size1': 3, 'dropout_rate': 0.2, 'hidden_dim': 252}. Best is trial 105 with value: 1.9820067882537842.
[I 2025-09-28 20:43:55,246] Trial 419 finished with value: 1.9789602756500244 and parameters: {'out_channels1': 5, 'kernel_size1': 3, 'dropout_rate': 0.2, 'hidden_dim': 252}. Best is trial 105 with value: 1.9820067882537842.
[I 2025-09-28 20:43:58,990] Trial 420 finished with value: 1.970644235610962 and parameters: {'out_channels1': 4, 'kernel_size1': 3, 'dropout_rate': 0.2, 'hidden_dim': 256}. Best is trial 105 with value: 1.9820067882537842.
[I 2025-09-28 20:44:05,479] Trial 421 finished with value: 1.9642592668533325 and parameters: {'out_channels1': 5, 'kernel_size1': 3, 'dropout_rate': 0.2, 'hidden_dim': 250}. Best is trial 105 with value: 1.9820067882537842.
[I 2025-09-28 20:44:11,533] Trial 422 finished with value: 1.9786152839660645 and parameters: {'out_channels1': 5, 'kernel_size1': 3, 'dropout_rate': 0.2, 'hidden_dim': 249}. Best is trial 105 with value: 1.9820067882537842.
[I 2025-09-28 20:44:17,388] Trial 423 finished with value: 1.9576197862625122 and parameters: {'out_channels1': 5, 'kernel_size1': 3, 'dropout_rate': 0.2, 'hidden_dim': 256}. Best is trial 105 with value: 1.9820067882537842.
[I 2025-09-28 20:44:23,722] Trial 424 finished with value: 1.9466907978057861 and parameters: {'out_channels1': 11, 'kernel_size1': 3, 'dropout_rate': 0.2, 'hidden_dim': 252}. Best is trial 105 with value: 1.9820067882537842.
[I 2025-09-28 20:44:29,359] Trial 425 finished with value: 1.9786152839660645 and parameters: {'out_channels1': 5, 'kernel_size1': 3, 'dropout_rate': 0.2, 'hidden_dim': 249}. Best is trial 105 with value: 1.9820067882537842.
[I 2025-09-28 20:44:33,318] Trial 426 finished with value: 1.9440873861312866 and parameters: {'out_channels1': 4, 'kernel_size1': 3, 'dropout_rate': 0.4, 'hidden_dim': 252}. Best is trial 105 with value: 1.9820067882537842.
[I 2025-09-28 20:44:38,850] Trial 427 finished with value: 1.9576197862625122 and parameters: {'out_channels1': 5, 'kernel_size1': 3, 'dropout_rate': 0.2, 'hidden_dim': 256}. Best is trial 105 with value: 1.9820067882537842.
[I 2025-09-28 20:44:42,443] Trial 428 finished with value: 1.9422322511672974 and parameters: {'out_channels1': 5, 'kernel_size1': 3, 'dropout_rate': 0.2, 'hidden_dim': 248}. Best is trial 105 with value: 1.9820067882537842.
[I 2025-09-28 20:44:46,450] Trial 429 finished with value: 1.9789602756500244 and parameters: {'out_channels1': 5, 'kernel_size1': 3, 'dropout_rate': 0.2, 'hidden_dim': 252}. Best is trial 105 with value: 1.9820067882537842.
[I 2025-09-28 20:44:53,876] Trial 430 finished with value: 1.9766201972961426 and parameters: {'out_channels1': 4, 'kernel_size1': 3, 'dropout_rate': 0.2, 'hidden_dim': 249}. Best is trial 105 with value: 1.9820067882537842.
[I 2025-09-28 20:44:57,590] Trial 431 finished with value: 1.9789602756500244 and parameters: {'out_channels1': 5, 'kernel_size1': 3, 'dropout_rate': 0.2, 'hidden_dim': 252}. Best is trial 105 with value: 1.9820067882537842.
[I 2025-09-28 20:45:00,712] Trial 432 finished with value: 1.9422322511672974 and parameters: {'out_channels1': 5, 'kernel_size1': 3, 'dropout_rate': 0.2, 'hidden_dim': 248}. Best is trial 105 with value: 1.9820067882537842.
[I 2025-09-28 20:45:06,640] Trial 433 finished with value: 1.9576197862625122 and parameters: {'out_channels1': 5, 'kernel_size1': 3, 'dropout_rate': 0.2, 'hidden_dim': 256}. Best is trial 105 with value: 1.9820067882537842.
[I 2025-09-28 20:45:12,702] Trial 434 finished with value: 1.9576197862625122 and parameters: {'out_channels1': 5, 'kernel_size1': 3, 'dropout_rate': 0.2, 'hidden_dim': 256}. Best is trial 105 with value: 1.9820067882537842.
[I 2025-09-28 20:45:16,629] Trial 435 finished with value: 1.9789602756500244 and parameters: {'out_channels1': 5, 'kernel_size1': 3, 'dropout_rate': 0.2, 'hidden_dim': 252}. Best is trial 105 with value: 1.9820067882537842.
[I 2025-09-28 20:45:19,680] Trial 436 finished with value: 1.9698487520217896 and parameters: {'out_channels1': 5, 'kernel_size1': 3, 'dropout_rate': 0.2, 'hidden_dim': 247}. Best is trial 105 with value: 1.9820067882537842.
[I 2025-09-28 20:45:25,151] Trial 437 finished with value: 1.9679704904556274 and parameters: {'out_channels1': 4, 'kernel_size1': 3, 'dropout_rate': 0.2, 'hidden_dim': 248}. Best is trial 105 with value: 1.9820067882537842.
[I 2025-09-28 20:45:28,897] Trial 438 finished with value: 1.9789602756500244 and parameters: {'out_channels1': 5, 'kernel_size1': 3, 'dropout_rate': 0.2, 'hidden_dim': 252}. Best is trial 105 with value: 1.9820067882537842.
[I 2025-09-28 20:45:34,456] Trial 439 finished with value: 1.9576197862625122 and parameters: {'out_channels1': 5, 'kernel_size1': 3, 'dropout_rate': 0.2, 'hidden_dim': 256}. Best is trial 105 with value: 1.9820067882537842.
[I 2025-09-28 20:45:37,770] Trial 440 finished with value: 1.9422322511672974 and parameters: {'out_channels1': 5, 'kernel_size1': 3, 'dropout_rate': 0.2, 'hidden_dim': 248}. Best is trial 105 with value: 1.9820067882537842.
[I 2025-09-28 20:45:43,828] Trial 441 finished with value: 1.9767435789108276 and parameters: {'out_channels1': 6, 'kernel_size1': 3, 'dropout_rate': 0.2, 'hidden_dim': 248}. Best is trial 105 with value: 1.9820067882537842.
[I 2025-09-28 20:45:47,552] Trial 442 finished with value: 1.9789602756500244 and parameters: {'out_channels1': 5, 'kernel_size1': 3, 'dropout_rate': 0.2, 'hidden_dim': 252}. Best is trial 105 with value: 1.9820067882537842.
[I 2025-09-28 20:45:51,567] Trial 443 finished with value: 1.970644235610962 and parameters: {'out_channels1': 4, 'kernel_size1': 3, 'dropout_rate': 0.2, 'hidden_dim': 256}. Best is trial 105 with value: 1.9820067882537842.
[I 2025-09-28 20:45:54,824] Trial 444 finished with value: 1.9422322511672974 and parameters: {'out_channels1': 5, 'kernel_size1': 3, 'dropout_rate': 0.2, 'hidden_dim': 248}. Best is trial 105 with value: 1.9820067882537842.
[I 2025-09-28 20:45:58,287] Trial 445 finished with value: 1.9789602756500244 and parameters: {'out_channels1': 5, 'kernel_size1': 3, 'dropout_rate': 0.2, 'hidden_dim': 252}. Best is trial 105 with value: 1.9820067882537842.
[I 2025-09-28 20:46:02,184] Trial 446 finished with value: 1.9789602756500244 and parameters: {'out_channels1': 5, 'kernel_size1': 3, 'dropout_rate': 0.2, 'hidden_dim': 252}. Best is trial 105 with value: 1.9820067882537842.
[I 2025-09-28 20:46:05,429] Trial 447 finished with value: 1.9422322511672974 and parameters: {'out_channels1': 5, 'kernel_size1': 3, 'dropout_rate': 0.2, 'hidden_dim': 248}. Best is trial 105 with value: 1.9820067882537842.
[I 2025-09-28 20:46:09,595] Trial 448 finished with value: 1.9766182899475098 and parameters: {'out_channels1': 6, 'kernel_size1': 3, 'dropout_rate': 0.2, 'hidden_dim': 252}. Best is trial 105 with value: 1.9820067882537842.
[I 2025-09-28 20:46:12,570] Trial 449 finished with value: 1.970644235610962 and parameters: {'out_channels1': 4, 'kernel_size1': 3, 'dropout_rate': 0.2, 'hidden_dim': 256}. Best is trial 105 with value: 1.9820067882537842.
[I 2025-09-28 20:46:15,057] Trial 450 finished with value: 1.9422322511672974 and parameters: {'out_channels1': 5, 'kernel_size1': 3, 'dropout_rate': 0.2, 'hidden_dim': 248}. Best is trial 105 with value: 1.9820067882537842.
[I 2025-09-28 20:46:19,287] Trial 451 finished with value: 1.9576197862625122 and parameters: {'out_channels1': 5, 'kernel_size1': 3, 'dropout_rate': 0.2, 'hidden_dim': 256}. Best is trial 105 with value: 1.9820067882537842.
[I 2025-09-28 20:46:22,760] Trial 452 finished with value: 1.9661610126495361 and parameters: {'out_channels1': 5, 'kernel_size1': 3, 'dropout_rate': 0.30000000000000004, 'hidden_dim': 248}. Best is trial 105 with value: 1.9820067882537842.
[I 2025-09-28 20:46:25,545] Trial 453 finished with value: 1.9789602756500244 and parameters: {'out_channels1': 5, 'kernel_size1': 3, 'dropout_rate': 0.2, 'hidden_dim': 252}. Best is trial 105 with value: 1.9820067882537842.
[I 2025-09-28 20:46:30,030] Trial 454 finished with value: 1.9481418132781982 and parameters: {'out_channels1': 12, 'kernel_size1': 3, 'dropout_rate': 0.2, 'hidden_dim': 247}. Best is trial 105 with value: 1.9820067882537842.
[I 2025-09-28 20:46:32,809] Trial 455 finished with value: 1.9789602756500244 and parameters: {'out_channels1': 5, 'kernel_size1': 3, 'dropout_rate': 0.2, 'hidden_dim': 252}. Best is trial 105 with value: 1.9820067882537842.
[I 2025-09-28 20:46:38,953] Trial 456 finished with value: 1.9553256034851074 and parameters: {'out_channels1': 6, 'kernel_size1': 3, 'dropout_rate': 0.2, 'hidden_dim': 256}. Best is trial 105 with value: 1.9820067882537842.
[I 2025-09-28 20:46:43,490] Trial 457 finished with value: 1.978632926940918 and parameters: {'out_channels1': 4, 'kernel_size1': 2, 'dropout_rate': 0.2, 'hidden_dim': 247}. Best is trial 105 with value: 1.9820067882537842.
[I 2025-09-28 20:46:46,271] Trial 458 finished with value: 1.9789602756500244 and parameters: {'out_channels1': 5, 'kernel_size1': 3, 'dropout_rate': 0.2, 'hidden_dim': 252}. Best is trial 105 with value: 1.9820067882537842.
[I 2025-09-28 20:46:48,504] Trial 459 finished with value: 1.9698487520217896 and parameters: {'out_channels1': 5, 'kernel_size1': 3, 'dropout_rate': 0.2, 'hidden_dim': 247}. Best is trial 105 with value: 1.9820067882537842.
[I 2025-09-28 20:46:52,732] Trial 460 finished with value: 1.9576197862625122 and parameters: {'out_channels1': 5, 'kernel_size1': 3, 'dropout_rate': 0.2, 'hidden_dim': 256}. Best is trial 105 with value: 1.9820067882537842.
[I 2025-09-28 20:46:56,561] Trial 461 finished with value: 1.964327096939087 and parameters: {'out_channels1': 4, 'kernel_size1': 3, 'dropout_rate': 0.2, 'hidden_dim': 252}. Best is trial 105 with value: 1.9820067882537842.
[I 2025-09-28 20:47:03,105] Trial 462 finished with value: 1.9697996377944946 and parameters: {'out_channels1': 6, 'kernel_size1': 3, 'dropout_rate': 0.2, 'hidden_dim': 247}. Best is trial 105 with value: 1.9820067882537842.
[I 2025-09-28 20:47:06,362] Trial 463 finished with value: 1.9747440814971924 and parameters: {'out_channels1': 5, 'kernel_size1': 3, 'dropout_rate': 0.2, 'hidden_dim': 222}. Best is trial 105 with value: 1.9820067882537842.
[I 2025-09-28 20:47:10,065] Trial 464 finished with value: 1.9500458240509033 and parameters: {'out_channels1': 15, 'kernel_size1': 3, 'dropout_rate': 0.2, 'hidden_dim': 252}. Best is trial 105 with value: 1.9820067882537842.
[I 2025-09-28 20:47:14,290] Trial 465 finished with value: 1.9576197862625122 and parameters: {'out_channels1': 5, 'kernel_size1': 3, 'dropout_rate': 0.2, 'hidden_dim': 256}. Best is trial 105 with value: 1.9820067882537842.
[I 2025-09-28 20:47:18,535] Trial 466 finished with value: 1.9767435789108276 and parameters: {'out_channels1': 6, 'kernel_size1': 3, 'dropout_rate': 0.2, 'hidden_dim': 248}. Best is trial 105 with value: 1.9820067882537842.
[I 2025-09-28 20:47:20,847] Trial 467 finished with value: 1.9546451568603516 and parameters: {'out_channels1': 14, 'kernel_size1': 3, 'dropout_rate': 0.2, 'hidden_dim': 62}. Best is trial 105 with value: 1.9820067882537842.
[I 2025-09-28 20:47:24,764] Trial 468 finished with value: 1.975266456604004 and parameters: {'out_channels1': 5, 'kernel_size1': 3, 'dropout_rate': 0.2, 'hidden_dim': 251}. Best is trial 105 with value: 1.9820067882537842.
[I 2025-09-28 20:47:27,720] Trial 469 finished with value: 1.9789602756500244 and parameters: {'out_channels1': 5, 'kernel_size1': 3, 'dropout_rate': 0.2, 'hidden_dim': 252}. Best is trial 105 with value: 1.9820067882537842.
[I 2025-09-28 20:47:30,106] Trial 470 finished with value: 1.9698487520217896 and parameters: {'out_channels1': 5, 'kernel_size1': 3, 'dropout_rate': 0.2, 'hidden_dim': 247}. Best is trial 105 with value: 1.9820067882537842.
[I 2025-09-28 20:47:34,077] Trial 471 finished with value: 1.9224004745483398 and parameters: {'out_channels1': 5, 'kernel_size1': 3, 'dropout_rate': 0.2, 'hidden_dim': 189}. Best is trial 105 with value: 1.9820067882537842.
[I 2025-09-28 20:47:36,917] Trial 472 finished with value: 1.970644235610962 and parameters: {'out_channels1': 4, 'kernel_size1': 3, 'dropout_rate': 0.2, 'hidden_dim': 256}. Best is trial 105 with value: 1.9820067882537842.
[I 2025-09-28 20:47:39,230] Trial 473 finished with value: 1.9424022436141968 and parameters: {'out_channels1': 5, 'kernel_size1': 3, 'dropout_rate': 0.2, 'hidden_dim': 246}. Best is trial 105 with value: 1.9820067882537842.
[I 2025-09-28 20:47:43,235] Trial 474 finished with value: 1.9719847440719604 and parameters: {'out_channels1': 6, 'kernel_size1': 3, 'dropout_rate': 0.2, 'hidden_dim': 251}. Best is trial 105 with value: 1.9820067882537842.
[I 2025-09-28 20:47:47,468] Trial 475 finished with value: 1.9576197862625122 and parameters: {'out_channels1': 5, 'kernel_size1': 3, 'dropout_rate': 0.2, 'hidden_dim': 256}. Best is trial 105 with value: 1.9820067882537842.
[I 2025-09-28 20:47:50,364] Trial 476 finished with value: 1.9273526668548584 and parameters: {'out_channels1': 5, 'kernel_size1': 3, 'dropout_rate': 0.2, 'hidden_dim': 215}. Best is trial 105 with value: 1.9820067882537842.
[I 2025-09-28 20:47:52,847] Trial 477 finished with value: 1.9422322511672974 and parameters: {'out_channels1': 5, 'kernel_size1': 3, 'dropout_rate': 0.2, 'hidden_dim': 248}. Best is trial 105 with value: 1.9820067882537842.
[I 2025-09-28 20:47:56,681] Trial 478 finished with value: 1.964327096939087 and parameters: {'out_channels1': 4, 'kernel_size1': 3, 'dropout_rate': 0.2, 'hidden_dim': 252}. Best is trial 105 with value: 1.9820067882537842.
[I 2025-09-28 20:48:01,607] Trial 479 finished with value: 1.9834418296813965 and parameters: {'out_channels1': 5, 'kernel_size1': 3, 'dropout_rate': 0.2, 'hidden_dim': 209}. Best is trial 479 with value: 1.9834418296813965.
[I 2025-09-28 20:48:04,705] Trial 480 finished with value: 1.9637134075164795 and parameters: {'out_channels1': 5, 'kernel_size1': 3, 'dropout_rate': 0.2, 'hidden_dim': 202}. Best is trial 479 with value: 1.9834418296813965.
[I 2025-09-28 20:48:07,657] Trial 481 finished with value: 1.9508588314056396 and parameters: {'out_channels1': 5, 'kernel_size1': 3, 'dropout_rate': 0.2, 'hidden_dim': 206}. Best is trial 479 with value: 1.9834418296813965.
[I 2025-09-28 20:48:12,414] Trial 482 finished with value: 1.9720869064331055 and parameters: {'out_channels1': 6, 'kernel_size1': 3, 'dropout_rate': 0.2, 'hidden_dim': 196}. Best is trial 479 with value: 1.9834418296813965.
[I 2025-09-28 20:48:16,744] Trial 483 finished with value: 1.9031239748001099 and parameters: {'out_channels1': 5, 'kernel_size1': 3, 'dropout_rate': 0.2, 'hidden_dim': 220}. Best is trial 479 with value: 1.9834418296813965.
[I 2025-09-28 20:48:19,083] Trial 484 finished with value: 1.968550205230713 and parameters: {'out_channels1': 5, 'kernel_size1': 3, 'dropout_rate': 0.2, 'hidden_dim': 204}. Best is trial 479 with value: 1.9834418296813965.
