[I 2025-09-28 20:33:48,019] Trial 291 finished with value: 1.9695271253585815 and parameters: {'out_channels1': 7, 'kernel_size1': 2, 'dropout_rate': 0.2, 'hidden_dim': 238}. Best is trial 105 with value: 1.9820067882537842.
[I 2025-09-28 20:33:51,484] Trial 292 finished with value: 1.9354894161224365 and parameters: {'out_channels1': 7, 'kernel_size1': 3, 'dropout_rate': 0.2, 'hidden_dim': 200}. Best is trial 105 with value: 1.9820067882537842.
[I 2025-09-28 20:33:56,310] Trial 293 finished with value: 1.9637216329574585 and parameters: {'out_channels1': 9, 'kernel_size1': 3, 'dropout_rate': 0.2, 'hidden_dim': 244}. Best is trial 105 with value: 1.9820067882537842.
[I 2025-09-28 20:34:01,133] Trial 294 finished with value: 1.9642592668533325 and parameters: {'out_channels1': 5, 'kernel_size1': 3, 'dropout_rate': 0.2, 'hidden_dim': 250}. Best is trial 105 with value: 1.9820067882537842.
[I 2025-09-28 20:34:05,475] Trial 295 finished with value: 1.9566946029663086 and parameters: {'out_channels1': 7, 'kernel_size1': 3, 'dropout_rate': 0.2, 'hidden_dim': 228}. Best is trial 105 with value: 1.9820067882537842.
[I 2025-09-28 20:34:08,136] Trial 296 finished with value: 1.9632179737091064 and parameters: {'out_channels1': 4, 'kernel_size1': 3, 'dropout_rate': 0.2, 'hidden_dim': 241}. Best is trial 105 with value: 1.9820067882537842.
[I 2025-09-28 20:34:11,348] Trial 297 finished with value: 1.973466157913208 and parameters: {'out_channels1': 7, 'kernel_size1': 3, 'dropout_rate': 0.2, 'hidden_dim': 233}. Best is trial 105 with value: 1.9820067882537842.
[I 2025-09-28 20:34:15,403] Trial 298 finished with value: 1.962249994277954 and parameters: {'out_channels1': 7, 'kernel_size1': 3, 'dropout_rate': 0.2, 'hidden_dim': 249}. Best is trial 105 with value: 1.9820067882537842.
[I 2025-09-28 20:34:21,090] Trial 299 finished with value: 1.9652072191238403 and parameters: {'out_channels1': 8, 'kernel_size1': 3, 'dropout_rate': 0.2, 'hidden_dim': 244}. Best is trial 105 with value: 1.9820067882537842.
[I 2025-09-28 20:34:25,616] Trial 300 finished with value: 1.9515929222106934 and parameters: {'out_channels1': 7, 'kernel_size1': 3, 'dropout_rate': 0.2, 'hidden_dim': 236}. Best is trial 105 with value: 1.9820067882537842.
[I 2025-09-28 20:34:28,808] Trial 301 finished with value: 1.9024103879928589 and parameters: {'out_channels1': 5, 'kernel_size1': 3, 'dropout_rate': 0.2, 'hidden_dim': 179}. Best is trial 105 with value: 1.9820067882537842.
[I 2025-09-28 20:34:35,486] Trial 302 finished with value: 1.962286353111267 and parameters: {'out_channels1': 8, 'kernel_size1': 3, 'dropout_rate': 0.2, 'hidden_dim': 247}. Best is trial 105 with value: 1.9820067882537842.
[I 2025-09-28 20:34:40,167] Trial 303 finished with value: 1.9459009170532227 and parameters: {'out_channels1': 7, 'kernel_size1': 3, 'dropout_rate': 0.5, 'hidden_dim': 240}. Best is trial 105 with value: 1.9820067882537842.
[I 2025-09-28 20:34:45,951] Trial 304 finished with value: 1.9687827825546265 and parameters: {'out_channels1': 7, 'kernel_size1': 3, 'dropout_rate': 0.2, 'hidden_dim': 251}. Best is trial 105 with value: 1.9820067882537842.
[I 2025-09-28 20:34:49,510] Trial 305 finished with value: 1.9780619144439697 and parameters: {'out_channels1': 7, 'kernel_size1': 3, 'dropout_rate': 0.2, 'hidden_dim': 243}. Best is trial 105 with value: 1.9820067882537842.
[I 2025-09-28 20:34:53,382] Trial 306 finished with value: 1.972343921661377 and parameters: {'out_channels1': 7, 'kernel_size1': 3, 'dropout_rate': 0.2, 'hidden_dim': 237}. Best is trial 105 with value: 1.9820067882537842.
[I 2025-09-28 20:34:57,730] Trial 307 finished with value: 1.9578266143798828 and parameters: {'out_channels1': 5, 'kernel_size1': 3, 'dropout_rate': 0.2, 'hidden_dim': 242}. Best is trial 105 with value: 1.9820067882537842.
[I 2025-09-28 20:35:01,975] Trial 308 finished with value: 1.9682605266571045 and parameters: {'out_channels1': 7, 'kernel_size1': 3, 'dropout_rate': 0.2, 'hidden_dim': 234}. Best is trial 105 with value: 1.9820067882537842.
[I 2025-09-28 20:35:08,255] Trial 309 finished with value: 1.9781925678253174 and parameters: {'out_channels1': 5, 'kernel_size1': 3, 'dropout_rate': 0.2, 'hidden_dim': 244}. Best is trial 105 with value: 1.9820067882537842.
[I 2025-09-28 20:35:13,097] Trial 310 finished with value: 1.9535913467407227 and parameters: {'out_channels1': 4, 'kernel_size1': 3, 'dropout_rate': 0.30000000000000004, 'hidden_dim': 245}. Best is trial 105 with value: 1.9820067882537842.
[I 2025-09-28 20:35:18,863] Trial 311 finished with value: 1.961008071899414 and parameters: {'out_channels1': 5, 'kernel_size1': 3, 'dropout_rate': 0.2, 'hidden_dim': 243}. Best is trial 105 with value: 1.9820067882537842.
[I 2025-09-28 20:35:21,245] Trial 312 finished with value: 1.9583673477172852 and parameters: {'out_channels1': 5, 'kernel_size1': 3, 'dropout_rate': 0.2, 'hidden_dim': 94}. Best is trial 105 with value: 1.9820067882537842.
[I 2025-09-28 20:35:24,638] Trial 313 finished with value: 1.9422322511672974 and parameters: {'out_channels1': 5, 'kernel_size1': 3, 'dropout_rate': 0.2, 'hidden_dim': 248}. Best is trial 105 with value: 1.9820067882537842.
[I 2025-09-28 20:35:29,798] Trial 314 finished with value: 1.9783018827438354 and parameters: {'out_channels1': 5, 'kernel_size1': 3, 'dropout_rate': 0.2, 'hidden_dim': 164}. Best is trial 105 with value: 1.9820067882537842.
[I 2025-09-28 20:35:34,966] Trial 315 finished with value: 1.9701907634735107 and parameters: {'out_channels1': 5, 'kernel_size1': 3, 'dropout_rate': 0.2, 'hidden_dim': 185}. Best is trial 105 with value: 1.9820067882537842.
[I 2025-09-28 20:35:41,234] Trial 316 finished with value: 1.9771904945373535 and parameters: {'out_channels1': 5, 'kernel_size1': 3, 'dropout_rate': 0.2, 'hidden_dim': 230}. Best is trial 105 with value: 1.9820067882537842.
[I 2025-09-28 20:35:46,789] Trial 317 finished with value: 1.9784927368164062 and parameters: {'out_channels1': 5, 'kernel_size1': 3, 'dropout_rate': 0.2, 'hidden_dim': 154}. Best is trial 105 with value: 1.9820067882537842.
[I 2025-09-28 20:35:54,234] Trial 318 finished with value: 1.9568098783493042 and parameters: {'out_channels1': 5, 'kernel_size1': 3, 'dropout_rate': 0.2, 'hidden_dim': 128}. Best is trial 105 with value: 1.9820067882537842.
[I 2025-09-28 20:35:57,306] Trial 319 finished with value: 1.941580057144165 and parameters: {'out_channels1': 4, 'kernel_size1': 3, 'dropout_rate': 0.2, 'hidden_dim': 238}. Best is trial 105 with value: 1.9820067882537842.
[I 2025-09-28 20:36:02,317] Trial 320 finished with value: 1.9508055448532104 and parameters: {'out_channels1': 5, 'kernel_size1': 3, 'dropout_rate': 0.2, 'hidden_dim': 152}. Best is trial 105 with value: 1.9820067882537842.
[I 2025-09-28 20:36:07,074] Trial 321 finished with value: 1.9536519050598145 and parameters: {'out_channels1': 5, 'kernel_size1': 3, 'dropout_rate': 0.2, 'hidden_dim': 158}. Best is trial 105 with value: 1.9820067882537842.
[I 2025-09-28 20:36:11,272] Trial 322 finished with value: 1.9746158123016357 and parameters: {'out_channels1': 5, 'kernel_size1': 3, 'dropout_rate': 0.2, 'hidden_dim': 169}. Best is trial 105 with value: 1.9820067882537842.
[I 2025-09-28 20:36:16,590] Trial 323 finished with value: 1.960174798965454 and parameters: {'out_channels1': 4, 'kernel_size1': 3, 'dropout_rate': 0.2, 'hidden_dim': 208}. Best is trial 105 with value: 1.9820067882537842.
[I 2025-09-28 20:36:21,523] Trial 324 finished with value: 1.97928786277771 and parameters: {'out_channels1': 5, 'kernel_size1': 3, 'dropout_rate': 0.2, 'hidden_dim': 253}. Best is trial 105 with value: 1.9820067882537842.
[I 2025-09-28 20:36:25,555] Trial 325 finished with value: 1.9783018827438354 and parameters: {'out_channels1': 5, 'kernel_size1': 3, 'dropout_rate': 0.2, 'hidden_dim': 164}. Best is trial 105 with value: 1.9820067882537842.
[I 2025-09-28 20:36:29,929] Trial 326 finished with value: 1.9592947959899902 and parameters: {'out_channels1': 5, 'kernel_size1': 2, 'dropout_rate': 0.2, 'hidden_dim': 253}. Best is trial 105 with value: 1.9820067882537842.
[I 2025-09-28 20:36:35,611] Trial 327 finished with value: 1.9633252620697021 and parameters: {'out_channels1': 5, 'kernel_size1': 3, 'dropout_rate': 0.2, 'hidden_dim': 255}. Best is trial 105 with value: 1.9820067882537842.
[I 2025-09-28 20:36:41,400] Trial 328 finished with value: 1.886136770248413 and parameters: {'out_channels1': 5, 'kernel_size1': 3, 'dropout_rate': 0.4, 'hidden_dim': 138}. Best is trial 105 with value: 1.9820067882537842.
[I 2025-09-28 20:36:46,590] Trial 329 finished with value: 1.9524297714233398 and parameters: {'out_channels1': 5, 'kernel_size1': 3, 'dropout_rate': 0.2, 'hidden_dim': 156}. Best is trial 105 with value: 1.9820067882537842.
[I 2025-09-28 20:36:50,295] Trial 330 finished with value: 1.9158401489257812 and parameters: {'out_channels1': 5, 'kernel_size1': 3, 'dropout_rate': 0.2, 'hidden_dim': 141}. Best is trial 105 with value: 1.9820067882537842.
[I 2025-09-28 20:36:55,964] Trial 331 finished with value: 1.9668309688568115 and parameters: {'out_channels1': 4, 'kernel_size1': 3, 'dropout_rate': 0.2, 'hidden_dim': 162}. Best is trial 105 with value: 1.9820067882537842.
[I 2025-09-28 20:37:01,568] Trial 332 finished with value: 1.9580078125 and parameters: {'out_channels1': 5, 'kernel_size1': 3, 'dropout_rate': 0.2, 'hidden_dim': 149}. Best is trial 105 with value: 1.9820067882537842.
[I 2025-09-28 20:37:05,470] Trial 333 finished with value: 1.956972360610962 and parameters: {'out_channels1': 5, 'kernel_size1': 3, 'dropout_rate': 0.2, 'hidden_dim': 168}. Best is trial 105 with value: 1.9820067882537842.
[I 2025-09-28 20:37:09,638] Trial 334 finished with value: 1.9783018827438354 and parameters: {'out_channels1': 5, 'kernel_size1': 3, 'dropout_rate': 0.2, 'hidden_dim': 164}. Best is trial 105 with value: 1.9820067882537842.
[I 2025-09-28 20:37:12,583] Trial 335 finished with value: 1.898118019104004 and parameters: {'out_channels1': 5, 'kernel_size1': 3, 'dropout_rate': 0.2, 'hidden_dim': 172}. Best is trial 105 with value: 1.9820067882537842.
[I 2025-09-28 20:37:19,536] Trial 336 finished with value: 1.9536508321762085 and parameters: {'out_channels1': 5, 'kernel_size1': 3, 'dropout_rate': 0.2, 'hidden_dim': 160}. Best is trial 105 with value: 1.9820067882537842.
[I 2025-09-28 20:37:23,723] Trial 337 finished with value: 1.9750996828079224 and parameters: {'out_channels1': 5, 'kernel_size1': 3, 'dropout_rate': 0.2, 'hidden_dim': 166}. Best is trial 105 with value: 1.9820067882537842.
[I 2025-09-28 20:37:27,237] Trial 338 finished with value: 1.9660921096801758 and parameters: {'out_channels1': 5, 'kernel_size1': 3, 'dropout_rate': 0.2, 'hidden_dim': 117}. Best is trial 105 with value: 1.9820067882537842.
[I 2025-09-28 20:37:30,466] Trial 339 finished with value: 1.9571555852890015 and parameters: {'out_channels1': 4, 'kernel_size1': 3, 'dropout_rate': 0.2, 'hidden_dim': 154}. Best is trial 105 with value: 1.9820067882537842.
[I 2025-09-28 20:37:34,988] Trial 340 finished with value: 1.9750996828079224 and parameters: {'out_channels1': 5, 'kernel_size1': 3, 'dropout_rate': 0.2, 'hidden_dim': 166}. Best is trial 105 with value: 1.9820067882537842.
[I 2025-09-28 20:37:39,389] Trial 341 finished with value: 1.9629827737808228 and parameters: {'out_channels1': 5, 'kernel_size1': 3, 'dropout_rate': 0.2, 'hidden_dim': 161}. Best is trial 105 with value: 1.9820067882537842.
[I 2025-09-28 20:37:45,642] Trial 342 finished with value: 1.9617362022399902 and parameters: {'out_channels1': 5, 'kernel_size1': 3, 'dropout_rate': 0.2, 'hidden_dim': 147}. Best is trial 105 with value: 1.9820067882537842.
[I 2025-09-28 20:37:51,158] Trial 343 finished with value: 1.9429616928100586 and parameters: {'out_channels1': 5, 'kernel_size1': 3, 'dropout_rate': 0.2, 'hidden_dim': 173}. Best is trial 105 with value: 1.9820067882537842.
[I 2025-09-28 20:37:56,231] Trial 344 finished with value: 1.9588872194290161 and parameters: {'out_channels1': 13, 'kernel_size1': 3, 'dropout_rate': 0.2, 'hidden_dim': 165}. Best is trial 105 with value: 1.9820067882537842.
[I 2025-09-28 20:38:00,926] Trial 345 finished with value: 1.9692424535751343 and parameters: {'out_channels1': 4, 'kernel_size1': 3, 'dropout_rate': 0.2, 'hidden_dim': 202}. Best is trial 105 with value: 1.9820067882537842.
[I 2025-09-28 20:38:05,624] Trial 346 finished with value: 1.9699981212615967 and parameters: {'out_channels1': 6, 'kernel_size1': 3, 'dropout_rate': 0.2, 'hidden_dim': 155}. Best is trial 105 with value: 1.9820067882537842.
[I 2025-09-28 20:38:12,260] Trial 347 finished with value: 1.9642592668533325 and parameters: {'out_channels1': 5, 'kernel_size1': 3, 'dropout_rate': 0.2, 'hidden_dim': 250}. Best is trial 105 with value: 1.9820067882537842.
[I 2025-09-28 20:38:16,385] Trial 348 finished with value: 1.900238037109375 and parameters: {'out_channels1': 6, 'kernel_size1': 3, 'dropout_rate': 0.2, 'hidden_dim': 144}. Best is trial 105 with value: 1.9820067882537842.
[I 2025-09-28 20:38:19,707] Trial 349 finished with value: 1.9024103879928589 and parameters: {'out_channels1': 5, 'kernel_size1': 3, 'dropout_rate': 0.2, 'hidden_dim': 179}. Best is trial 105 with value: 1.9820067882537842.
[I 2025-09-28 20:38:25,110] Trial 350 finished with value: 1.9536519050598145 and parameters: {'out_channels1': 5, 'kernel_size1': 3, 'dropout_rate': 0.2, 'hidden_dim': 158}. Best is trial 105 with value: 1.9820067882537842.
[I 2025-09-28 20:38:28,857] Trial 351 finished with value: 1.963625192642212 and parameters: {'out_channels1': 6, 'kernel_size1': 3, 'dropout_rate': 0.2, 'hidden_dim': 77}. Best is trial 105 with value: 1.9820067882537842.
[I 2025-09-28 20:38:30,980] Trial 352 finished with value: 1.957445740699768 and parameters: {'out_channels1': 4, 'kernel_size1': 3, 'dropout_rate': 0.2, 'hidden_dim': 193}. Best is trial 105 with value: 1.9820067882537842.
[I 2025-09-28 20:38:35,486] Trial 353 finished with value: 1.9522759914398193 and parameters: {'out_channels1': 5, 'kernel_size1': 3, 'dropout_rate': 0.2, 'hidden_dim': 212}. Best is trial 105 with value: 1.9820067882537842.
[I 2025-09-28 20:38:40,716] Trial 354 finished with value: 1.9429616928100586 and parameters: {'out_channels1': 5, 'kernel_size1': 3, 'dropout_rate': 0.2, 'hidden_dim': 173}. Best is trial 105 with value: 1.9820067882537842.
[I 2025-09-28 20:38:48,949] Trial 355 finished with value: 1.9553256034851074 and parameters: {'out_channels1': 6, 'kernel_size1': 3, 'dropout_rate': 0.2, 'hidden_dim': 256}. Best is trial 105 with value: 1.9820067882537842.
[I 2025-09-28 20:38:53,534] Trial 356 finished with value: 1.9801216125488281 and parameters: {'out_channels1': 5, 'kernel_size1': 3, 'dropout_rate': 0.2, 'hidden_dim': 225}. Best is trial 105 with value: 1.9820067882537842.
[I 2025-09-28 20:38:58,886] Trial 357 finished with value: 1.964613914489746 and parameters: {'out_channels1': 5, 'kernel_size1': 3, 'dropout_rate': 0.2, 'hidden_dim': 227}. Best is trial 105 with value: 1.9820067882537842.
[I 2025-09-28 20:39:04,203] Trial 358 finished with value: 1.9031239748001099 and parameters: {'out_channels1': 5, 'kernel_size1': 3, 'dropout_rate': 0.2, 'hidden_dim': 220}. Best is trial 105 with value: 1.9820067882537842.
[I 2025-09-28 20:39:07,565] Trial 359 finished with value: 1.9773136377334595 and parameters: {'out_channels1': 4, 'kernel_size1': 3, 'dropout_rate': 0.2, 'hidden_dim': 220}. Best is trial 105 with value: 1.9820067882537842.
[I 2025-09-28 20:39:13,553] Trial 360 finished with value: 1.9786152839660645 and parameters: {'out_channels1': 5, 'kernel_size1': 3, 'dropout_rate': 0.2, 'hidden_dim': 249}. Best is trial 105 with value: 1.9820067882537842.
[I 2025-09-28 20:39:20,528] Trial 361 finished with value: 1.9540109634399414 and parameters: {'out_channels1': 5, 'kernel_size1': 3, 'dropout_rate': 0.2, 'hidden_dim': 213}. Best is trial 105 with value: 1.9820067882537842.
[I 2025-09-28 20:39:25,682] Trial 362 finished with value: 1.9801216125488281 and parameters: {'out_channels1': 5, 'kernel_size1': 3, 'dropout_rate': 0.2, 'hidden_dim': 225}. Best is trial 105 with value: 1.9820067882537842.
[I 2025-09-28 20:39:29,372] Trial 363 finished with value: 1.9447304010391235 and parameters: {'out_channels1': 5, 'kernel_size1': 3, 'dropout_rate': 0.30000000000000004, 'hidden_dim': 216}. Best is trial 105 with value: 1.9820067882537842.
[I 2025-09-28 20:39:33,847] Trial 364 finished with value: 1.9747440814971924 and parameters: {'out_channels1': 5, 'kernel_size1': 3, 'dropout_rate': 0.2, 'hidden_dim': 222}. Best is trial 105 with value: 1.9820067882537842.
[I 2025-09-28 20:39:40,526] Trial 365 finished with value: 1.9642592668533325 and parameters: {'out_channels1': 5, 'kernel_size1': 3, 'dropout_rate': 0.2, 'hidden_dim': 250}. Best is trial 105 with value: 1.9820067882537842.
[I 2025-09-28 20:39:44,258] Trial 366 finished with value: 1.9789602756500244 and parameters: {'out_channels1': 5, 'kernel_size1': 3, 'dropout_rate': 0.2, 'hidden_dim': 252}. Best is trial 105 with value: 1.9820067882537842.
[I 2025-09-28 20:39:50,423] Trial 367 finished with value: 1.9700143337249756 and parameters: {'out_channels1': 5, 'kernel_size1': 3, 'dropout_rate': 0.2, 'hidden_dim': 226}. Best is trial 105 with value: 1.9820067882537842.
[I 2025-09-28 20:39:55,827] Trial 368 finished with value: 1.9729316234588623 and parameters: {'out_channels1': 5, 'kernel_size1': 3, 'dropout_rate': 0.2, 'hidden_dim': 163}. Best is trial 105 with value: 1.9820067882537842.
[I 2025-09-28 20:40:01,519] Trial 369 finished with value: 1.97928786277771 and parameters: {'out_channels1': 5, 'kernel_size1': 3, 'dropout_rate': 0.2, 'hidden_dim': 253}. Best is trial 105 with value: 1.9820067882537842.
[I 2025-09-28 20:40:06,425] Trial 370 finished with value: 1.9505786895751953 and parameters: {'out_channels1': 5, 'kernel_size1': 3, 'dropout_rate': 0.2, 'hidden_dim': 224}. Best is trial 105 with value: 1.9820067882537842.
[I 2025-09-28 20:40:10,352] Trial 371 finished with value: 1.970644235610962 and parameters: {'out_channels1': 4, 'kernel_size1': 3, 'dropout_rate': 0.2, 'hidden_dim': 256}. Best is trial 105 with value: 1.9820067882537842.
[I 2025-09-28 20:40:17,668] Trial 372 finished with value: 1.9694589376449585 and parameters: {'out_channels1': 5, 'kernel_size1': 2, 'dropout_rate': 0.2, 'hidden_dim': 252}. Best is trial 105 with value: 1.9820067882537842.
[I 2025-09-28 20:40:20,847] Trial 373 finished with value: 1.90555739402771 and parameters: {'out_channels1': 5, 'kernel_size1': 3, 'dropout_rate': 0.2, 'hidden_dim': 134}. Best is trial 105 with value: 1.9820067882537842.
[I 2025-09-28 20:40:26,177] Trial 374 finished with value: 1.975266456604004 and parameters: {'out_channels1': 5, 'kernel_size1': 3, 'dropout_rate': 0.2, 'hidden_dim': 251}. Best is trial 105 with value: 1.9820067882537842.
[I 2025-09-28 20:40:31,130] Trial 375 finished with value: 1.9771461486816406 and parameters: {'out_channels1': 4, 'kernel_size1': 3, 'dropout_rate': 0.2, 'hidden_dim': 255}. Best is trial 105 with value: 1.9820067882537842.
[I 2025-09-28 20:40:33,908] Trial 376 finished with value: 1.9564709663391113 and parameters: {'out_channels1': 5, 'kernel_size1': 3, 'dropout_rate': 0.2, 'hidden_dim': 39}. Best is trial 105 with value: 1.9820067882537842.
[I 2025-09-28 20:40:37,599] Trial 377 finished with value: 1.9422322511672974 and parameters: {'out_channels1': 5, 'kernel_size1': 3, 'dropout_rate': 0.2, 'hidden_dim': 248}. Best is trial 105 with value: 1.9820067882537842.
[I 2025-09-28 20:40:41,655] Trial 378 finished with value: 1.9789602756500244 and parameters: {'out_channels1': 5, 'kernel_size1': 3, 'dropout_rate': 0.2, 'hidden_dim': 252}. Best is trial 105 with value: 1.9820067882537842.
[I 2025-09-28 20:40:47,174] Trial 379 finished with value: 1.9576197862625122 and parameters: {'out_channels1': 5, 'kernel_size1': 3, 'dropout_rate': 0.2, 'hidden_dim': 256}. Best is trial 105 with value: 1.9820067882537842.
[I 2025-09-28 20:40:50,024] Trial 380 finished with value: 1.9666838645935059 and parameters: {'out_channels1': 5, 'kernel_size1': 3, 'dropout_rate': 0.5, 'hidden_dim': 252}. Best is trial 105 with value: 1.9820067882537842.
[I 2025-09-28 20:40:53,413] Trial 381 finished with value: 1.9773406982421875 and parameters: {'out_channels1': 5, 'kernel_size1': 3, 'dropout_rate': 0.2, 'hidden_dim': 216}. Best is trial 105 with value: 1.9820067882537842.
[I 2025-09-28 20:40:58,516] Trial 382 finished with value: 1.975266456604004 and parameters: {'out_channels1': 5, 'kernel_size1': 3, 'dropout_rate': 0.2, 'hidden_dim': 251}. Best is trial 105 with value: 1.9820067882537842.
[I 2025-09-28 20:41:05,667] Trial 383 finished with value: 1.9766201972961426 and parameters: {'out_channels1': 4, 'kernel_size1': 3, 'dropout_rate': 0.2, 'hidden_dim': 249}. Best is trial 105 with value: 1.9820067882537842.
[I 2025-09-28 20:41:10,987] Trial 384 finished with value: 1.9508055448532104 and parameters: {'out_channels1': 5, 'kernel_size1': 3, 'dropout_rate': 0.2, 'hidden_dim': 152}. Best is trial 105 with value: 1.9820067882537842.
[I 2025-09-28 20:41:14,537] Trial 385 finished with value: 1.9743014574050903 and parameters: {'out_channels1': 5, 'kernel_size1': 3, 'dropout_rate': 0.2, 'hidden_dim': 207}. Best is trial 105 with value: 1.9820067882537842.
[I 2025-09-28 20:41:19,800] Trial 386 finished with value: 1.97928786277771 and parameters: {'out_channels1': 5, 'kernel_size1': 3, 'dropout_rate': 0.2, 'hidden_dim': 253}. Best is trial 105 with value: 1.9820067882537842.
[I 2025-09-28 20:41:25,529] Trial 387 finished with value: 1.9576197862625122 and parameters: {'out_channels1': 5, 'kernel_size1': 3, 'dropout_rate': 0.2, 'hidden_dim': 256}. Best is trial 105 with value: 1.9820067882537842.
