[I 2025-09-25 21:05:38,604] Trial 320 finished with value: 1.9760489482823358 and parameters: {'hidden_size_1': 222, 'dropout_rate': 0.2, 'J': 3, 'Q': 1}. Best is trial 39 with value: 1.9828530550735115.
[I 2025-09-25 21:05:39,475] Trial 321 finished with value: 1.9786308049362278 and parameters: {'hidden_size_1': 231, 'dropout_rate': 0.2, 'J': 3, 'Q': 1}. Best is trial 39 with value: 1.9828530550735115.
[I 2025-09-25 21:05:40,384] Trial 322 finished with value: 1.9700434271593927 and parameters: {'hidden_size_1': 239, 'dropout_rate': 0.2, 'J': 3, 'Q': 1}. Best is trial 39 with value: 1.9828530550735115.
[I 2025-09-25 21:05:41,678] Trial 323 finished with value: 1.9552746056260277 and parameters: {'hidden_size_1': 66, 'dropout_rate': 0.2, 'J': 3, 'Q': 1}. Best is trial 39 with value: 1.9828530550735115.
[I 2025-09-25 21:05:43,261] Trial 324 finished with value: 1.9725212592032109 and parameters: {'hidden_size_1': 210, 'dropout_rate': 0.2, 'J': 3, 'Q': 4}. Best is trial 39 with value: 1.9828530550735115.
[I 2025-09-25 21:05:44,200] Trial 325 finished with value: 1.9819080916651863 and parameters: {'hidden_size_1': 224, 'dropout_rate': 0.2, 'J': 3, 'Q': 1}. Best is trial 39 with value: 1.9828530550735115.
[I 2025-09-25 21:05:45,172] Trial 326 finished with value: 1.9767419967909847 and parameters: {'hidden_size_1': 228, 'dropout_rate': 0.2, 'J': 3, 'Q': 1}. Best is trial 39 with value: 1.9828530550735115.
[I 2025-09-25 21:05:46,269] Trial 327 finished with value: 1.9760489482823358 and parameters: {'hidden_size_1': 222, 'dropout_rate': 0.2, 'J': 3, 'Q': 1}. Best is trial 39 with value: 1.9828530550735115.
[I 2025-09-25 21:05:47,369] Trial 328 finished with value: 1.9735411837448262 and parameters: {'hidden_size_1': 226, 'dropout_rate': 0.2, 'J': 3, 'Q': 1}. Best is trial 39 with value: 1.9828530550735115.
[I 2025-09-25 21:05:48,553] Trial 329 finished with value: 1.9636038183001996 and parameters: {'hidden_size_1': 232, 'dropout_rate': 0.2, 'J': 3, 'Q': 5}. Best is trial 39 with value: 1.9828530550735115.
[I 2025-09-25 21:05:49,638] Trial 330 finished with value: 1.9755939286819566 and parameters: {'hidden_size_1': 215, 'dropout_rate': 0.2, 'J': 3, 'Q': 1}. Best is trial 39 with value: 1.9828530550735115.
[I 2025-09-25 21:05:50,605] Trial 331 finished with value: 1.9761566998840783 and parameters: {'hidden_size_1': 241, 'dropout_rate': 0.2, 'J': 3, 'Q': 1}. Best is trial 39 with value: 1.9828530550735115.
[I 2025-09-25 21:05:51,586] Trial 332 finished with value: 1.9777485744823964 and parameters: {'hidden_size_1': 165, 'dropout_rate': 0.2, 'J': 3, 'Q': 1}. Best is trial 39 with value: 1.9828530550735115.
[I 2025-09-25 21:05:52,682] Trial 333 finished with value: 1.9804127277464236 and parameters: {'hidden_size_1': 221, 'dropout_rate': 0.2, 'J': 3, 'Q': 1}. Best is trial 39 with value: 1.9828530550735115.
[I 2025-09-25 21:05:53,778] Trial 334 finished with value: 1.9769654647023103 and parameters: {'hidden_size_1': 236, 'dropout_rate': 0.2, 'J': 3, 'Q': 1}. Best is trial 39 with value: 1.9828530550735115.
[I 2025-09-25 21:05:54,676] Trial 335 finished with value: 1.9819080916651863 and parameters: {'hidden_size_1': 224, 'dropout_rate': 0.2, 'J': 3, 'Q': 1}. Best is trial 39 with value: 1.9828530550735115.
[I 2025-09-25 21:05:55,873] Trial 336 finished with value: 1.9727490818399005 and parameters: {'hidden_size_1': 230, 'dropout_rate': 0.2, 'J': 3, 'Q': 1}. Best is trial 39 with value: 1.9828530550735115.
[I 2025-09-25 21:05:56,850] Trial 337 finished with value: 1.9822770729311108 and parameters: {'hidden_size_1': 242, 'dropout_rate': 0.2, 'J': 3, 'Q': 1}. Best is trial 39 with value: 1.9828530550735115.
[I 2025-09-25 21:05:57,788] Trial 338 finished with value: 1.8940040990689977 and parameters: {'hidden_size_1': 39, 'dropout_rate': 0.5, 'J': 3, 'Q': 1}. Best is trial 39 with value: 1.9828530550735115.
[I 2025-09-25 21:05:58,755] Trial 339 finished with value: 1.9761566998840783 and parameters: {'hidden_size_1': 241, 'dropout_rate': 0.2, 'J': 3, 'Q': 1}. Best is trial 39 with value: 1.9828530550735115.
[I 2025-09-25 21:05:59,837] Trial 340 finished with value: 1.97641274614533 and parameters: {'hidden_size_1': 235, 'dropout_rate': 0.2, 'J': 3, 'Q': 1}. Best is trial 39 with value: 1.9828530550735115.
[I 2025-09-25 21:06:00,626] Trial 341 finished with value: 1.9787325709240489 and parameters: {'hidden_size_1': 243, 'dropout_rate': 0.2, 'J': 3, 'Q': 1}. Best is trial 39 with value: 1.9828530550735115.
[I 2025-09-25 21:06:01,632] Trial 342 finished with value: 1.9599987034256852 and parameters: {'hidden_size_1': 242, 'dropout_rate': 0.4, 'J': 1, 'Q': 1}. Best is trial 39 with value: 1.9828530550735115.
[I 2025-09-25 21:06:02,620] Trial 343 finished with value: 1.978635314001676 and parameters: {'hidden_size_1': 238, 'dropout_rate': 0.2, 'J': 3, 'Q': 1}. Best is trial 39 with value: 1.9828530550735115.
[I 2025-09-25 21:06:03,880] Trial 344 finished with value: 1.9761986494379844 and parameters: {'hidden_size_1': 217, 'dropout_rate': 0.30000000000000004, 'J': 3, 'Q': 1}. Best is trial 39 with value: 1.9828530550735115.
[I 2025-09-25 21:06:05,044] Trial 345 finished with value: 1.9695504130496144 and parameters: {'hidden_size_1': 232, 'dropout_rate': 0.2, 'J': 3, 'Q': 1}. Best is trial 39 with value: 1.9828530550735115.
[I 2025-09-25 21:06:05,764] Trial 346 finished with value: 1.9727473633810684 and parameters: {'hidden_size_1': 243, 'dropout_rate': 0.2, 'J': 2, 'Q': 1}. Best is trial 39 with value: 1.9828530550735115.
[I 2025-09-25 21:06:06,782] Trial 347 finished with value: 1.979850522571566 and parameters: {'hidden_size_1': 245, 'dropout_rate': 0.2, 'J': 3, 'Q': 1}. Best is trial 39 with value: 1.9828530550735115.
[I 2025-09-25 21:06:07,780] Trial 348 finished with value: 1.9781217686272634 and parameters: {'hidden_size_1': 237, 'dropout_rate': 0.2, 'J': 3, 'Q': 1}. Best is trial 39 with value: 1.9828530550735115.
[I 2025-09-25 21:06:08,814] Trial 349 finished with value: 1.9767419967909847 and parameters: {'hidden_size_1': 228, 'dropout_rate': 0.2, 'J': 3, 'Q': 1}. Best is trial 39 with value: 1.9828530550735115.
[I 2025-09-25 21:06:09,789] Trial 350 finished with value: 1.9686950910733838 and parameters: {'hidden_size_1': 101, 'dropout_rate': 0.2, 'J': 3, 'Q': 2}. Best is trial 39 with value: 1.9828530550735115.
[I 2025-09-25 21:06:11,050] Trial 351 finished with value: 1.9764256624358927 and parameters: {'hidden_size_1': 220, 'dropout_rate': 0.2, 'J': 3, 'Q': 1}. Best is trial 39 with value: 1.9828530550735115.
[I 2025-09-25 21:06:12,132] Trial 352 finished with value: 1.9700434271593927 and parameters: {'hidden_size_1': 239, 'dropout_rate': 0.2, 'J': 3, 'Q': 1}. Best is trial 39 with value: 1.9828530550735115.
[I 2025-09-25 21:06:13,489] Trial 353 finished with value: 1.973807304786466 and parameters: {'hidden_size_1': 233, 'dropout_rate': 0.2, 'J': 3, 'Q': 1}. Best is trial 39 with value: 1.9828530550735115.
[I 2025-09-25 21:06:14,737] Trial 354 finished with value: 1.9741606355305854 and parameters: {'hidden_size_1': 244, 'dropout_rate': 0.2, 'J': 3, 'Q': 1}. Best is trial 39 with value: 1.9828530550735115.
[I 2025-09-25 21:06:16,359] Trial 355 finished with value: 1.9640389116391788 and parameters: {'hidden_size_1': 213, 'dropout_rate': 0.2, 'J': 3, 'Q': 3}. Best is trial 39 with value: 1.9828530550735115.
[I 2025-09-25 21:06:17,639] Trial 356 finished with value: 1.9767419967909847 and parameters: {'hidden_size_1': 228, 'dropout_rate': 0.2, 'J': 3, 'Q': 1}. Best is trial 39 with value: 1.9828530550735115.
[I 2025-09-25 21:06:18,984] Trial 357 finished with value: 1.9734030175607344 and parameters: {'hidden_size_1': 218, 'dropout_rate': 0.2, 'J': 3, 'Q': 1}. Best is trial 39 with value: 1.9828530550735115.
[I 2025-09-25 21:06:20,234] Trial 358 finished with value: 1.979850522571566 and parameters: {'hidden_size_1': 245, 'dropout_rate': 0.2, 'J': 3, 'Q': 1}. Best is trial 39 with value: 1.9828530550735115.
[I 2025-09-25 21:06:21,276] Trial 359 finished with value: 1.9789785669331152 and parameters: {'hidden_size_1': 234, 'dropout_rate': 0.2, 'J': 3, 'Q': 1}. Best is trial 39 with value: 1.9828530550735115.
[I 2025-09-25 21:06:22,116] Trial 360 finished with value: 1.9819080916651863 and parameters: {'hidden_size_1': 224, 'dropout_rate': 0.2, 'J': 3, 'Q': 1}. Best is trial 39 with value: 1.9828530550735115.
[I 2025-09-25 21:06:23,179] Trial 361 finished with value: 1.9684060026262786 and parameters: {'hidden_size_1': 239, 'dropout_rate': 0.2, 'J': 2, 'Q': 1}. Best is trial 39 with value: 1.9828530550735115.
[I 2025-09-25 21:06:24,355] Trial 362 finished with value: 1.9764810212912023 and parameters: {'hidden_size_1': 246, 'dropout_rate': 0.2, 'J': 3, 'Q': 1}. Best is trial 39 with value: 1.9828530550735115.
[I 2025-09-25 21:06:25,632] Trial 363 finished with value: 1.9727490818399005 and parameters: {'hidden_size_1': 230, 'dropout_rate': 0.2, 'J': 3, 'Q': 1}. Best is trial 39 with value: 1.9828530550735115.
[I 2025-09-25 21:06:26,897] Trial 364 finished with value: 1.9764256624358927 and parameters: {'hidden_size_1': 220, 'dropout_rate': 0.2, 'J': 3, 'Q': 1}. Best is trial 39 with value: 1.9828530550735115.
[I 2025-09-25 21:06:28,069] Trial 365 finished with value: 1.9769654647023103 and parameters: {'hidden_size_1': 236, 'dropout_rate': 0.2, 'J': 3, 'Q': 1}. Best is trial 39 with value: 1.9828530550735115.
[I 2025-09-25 21:06:29,351] Trial 366 finished with value: 1.976093480975846 and parameters: {'hidden_size_1': 225, 'dropout_rate': 0.2, 'J': 3, 'Q': 3}. Best is trial 39 with value: 1.9828530550735115.
[I 2025-09-25 21:06:30,391] Trial 367 finished with value: 1.9822770729311108 and parameters: {'hidden_size_1': 242, 'dropout_rate': 0.2, 'J': 3, 'Q': 1}. Best is trial 39 with value: 1.9828530550735115.
[I 2025-09-25 21:06:31,518] Trial 368 finished with value: 1.9761566998840783 and parameters: {'hidden_size_1': 241, 'dropout_rate': 0.2, 'J': 3, 'Q': 1}. Best is trial 39 with value: 1.9828530550735115.
[I 2025-09-25 21:06:32,717] Trial 369 finished with value: 1.97046657343741 and parameters: {'hidden_size_1': 247, 'dropout_rate': 0.2, 'J': 3, 'Q': 1}. Best is trial 39 with value: 1.9828530550735115.
[I 2025-09-25 21:06:33,490] Trial 370 finished with value: 1.9765397632858583 and parameters: {'hidden_size_1': 125, 'dropout_rate': 0.2, 'J': 3, 'Q': 1}. Best is trial 39 with value: 1.9828530550735115.
[I 2025-09-25 21:06:34,264] Trial 371 finished with value: 1.9761566998840783 and parameters: {'hidden_size_1': 241, 'dropout_rate': 0.2, 'J': 3, 'Q': 1}. Best is trial 39 with value: 1.9828530550735115.
[I 2025-09-25 21:06:34,935] Trial 372 finished with value: 1.9796698744003303 and parameters: {'hidden_size_1': 248, 'dropout_rate': 0.2, 'J': 3, 'Q': 1}. Best is trial 39 with value: 1.9828530550735115.
[I 2025-09-25 21:06:35,649] Trial 373 finished with value: 1.9787325709240489 and parameters: {'hidden_size_1': 243, 'dropout_rate': 0.2, 'J': 3, 'Q': 1}. Best is trial 39 with value: 1.9828530550735115.
[I 2025-09-25 21:06:36,382] Trial 374 finished with value: 1.9769340598218563 and parameters: {'hidden_size_1': 236, 'dropout_rate': 0.30000000000000004, 'J': 3, 'Q': 1}. Best is trial 39 with value: 1.9828530550735115.
[I 2025-09-25 21:06:37,055] Trial 375 finished with value: 1.9796698744003303 and parameters: {'hidden_size_1': 248, 'dropout_rate': 0.2, 'J': 3, 'Q': 1}. Best is trial 39 with value: 1.9828530550735115.
[I 2025-09-25 21:06:37,770] Trial 376 finished with value: 1.9700434271593927 and parameters: {'hidden_size_1': 239, 'dropout_rate': 0.2, 'J': 3, 'Q': 1}. Best is trial 39 with value: 1.9828530550735115.
[I 2025-09-25 21:06:38,674] Trial 377 finished with value: 1.9733727995213663 and parameters: {'hidden_size_1': 231, 'dropout_rate': 0.2, 'J': 3, 'Q': 4}. Best is trial 39 with value: 1.9828530550735115.
[I 2025-09-25 21:06:39,407] Trial 378 finished with value: 1.979850522571566 and parameters: {'hidden_size_1': 245, 'dropout_rate': 0.2, 'J': 3, 'Q': 1}. Best is trial 39 with value: 1.9828530550735115.
[I 2025-09-25 21:06:40,279] Trial 379 finished with value: 1.97641274614533 and parameters: {'hidden_size_1': 235, 'dropout_rate': 0.2, 'J': 3, 'Q': 1}. Best is trial 39 with value: 1.9828530550735115.
[I 2025-09-25 21:06:41,033] Trial 380 finished with value: 1.9761566998840783 and parameters: {'hidden_size_1': 241, 'dropout_rate': 0.2, 'J': 3, 'Q': 1}. Best is trial 39 with value: 1.9828530550735115.
[I 2025-09-25 21:06:41,781] Trial 381 finished with value: 1.963052548973633 and parameters: {'hidden_size_1': 213, 'dropout_rate': 0.2, 'J': 3, 'Q': 2}. Best is trial 39 with value: 1.9828530550735115.
[I 2025-09-25 21:06:42,408] Trial 382 finished with value: 1.9796698744003303 and parameters: {'hidden_size_1': 248, 'dropout_rate': 0.2, 'J': 3, 'Q': 1}. Best is trial 39 with value: 1.9828530550735115.
[I 2025-09-25 21:06:43,027] Trial 383 finished with value: 1.9783033495775684 and parameters: {'hidden_size_1': 206, 'dropout_rate': 0.2, 'J': 3, 'Q': 1}. Best is trial 39 with value: 1.9828530550735115.
[I 2025-09-25 21:06:43,706] Trial 384 finished with value: 1.9767419967909847 and parameters: {'hidden_size_1': 228, 'dropout_rate': 0.2, 'J': 3, 'Q': 1}. Best is trial 39 with value: 1.9828530550735115.
[I 2025-09-25 21:06:44,425] Trial 385 finished with value: 1.973807304786466 and parameters: {'hidden_size_1': 233, 'dropout_rate': 0.2, 'J': 3, 'Q': 1}. Best is trial 39 with value: 1.9828530550735115.
[I 2025-09-25 21:06:45,158] Trial 386 finished with value: 1.9644213449875507 and parameters: {'hidden_size_1': 243, 'dropout_rate': 0.2, 'J': 3, 'Q': 5}. Best is trial 39 with value: 1.9828530550735115.
[I 2025-09-25 21:06:45,974] Trial 387 finished with value: 1.9743898600296979 and parameters: {'hidden_size_1': 250, 'dropout_rate': 0.2, 'J': 3, 'Q': 1}. Best is trial 39 with value: 1.9828530550735115.
[I 2025-09-25 21:06:46,608] Trial 388 finished with value: 1.978635314001676 and parameters: {'hidden_size_1': 238, 'dropout_rate': 0.2, 'J': 3, 'Q': 1}. Best is trial 39 with value: 1.9828530550735115.
[I 2025-09-25 21:06:47,234] Trial 389 finished with value: 1.9824400436879697 and parameters: {'hidden_size_1': 217, 'dropout_rate': 0.2, 'J': 3, 'Q': 1}. Best is trial 39 with value: 1.9828530550735115.
[I 2025-09-25 21:06:48,107] Trial 390 finished with value: 1.9722360116927695 and parameters: {'hidden_size_1': 216, 'dropout_rate': 0.2, 'J': 3, 'Q': 1}. Best is trial 39 with value: 1.9828530550735115.
[I 2025-09-25 21:06:49,296] Trial 391 finished with value: 1.9663474573025068 and parameters: {'hidden_size_1': 211, 'dropout_rate': 0.2, 'J': 3, 'Q': 1}. Best is trial 39 with value: 1.9828530550735115.
[I 2025-09-25 21:06:50,762] Trial 392 finished with value: 1.975323541754352 and parameters: {'hidden_size_1': 220, 'dropout_rate': 0.4, 'J': 3, 'Q': 1}. Best is trial 39 with value: 1.9828530550735115.
[I 2025-09-25 21:06:52,110] Trial 393 finished with value: 1.979850522571566 and parameters: {'hidden_size_1': 245, 'dropout_rate': 0.2, 'J': 3, 'Q': 1}. Best is trial 39 with value: 1.9828530550735115.
[I 2025-09-25 21:06:53,741] Trial 394 finished with value: 1.9743898600296979 and parameters: {'hidden_size_1': 250, 'dropout_rate': 0.2, 'J': 3, 'Q': 1}. Best is trial 39 with value: 1.9828530550735115.
[I 2025-09-25 21:06:55,044] Trial 395 finished with value: 1.9824400436879697 and parameters: {'hidden_size_1': 217, 'dropout_rate': 0.2, 'J': 3, 'Q': 1}. Best is trial 39 with value: 1.9828530550735115.
[I 2025-09-25 21:06:56,402] Trial 396 finished with value: 1.975527481983963 and parameters: {'hidden_size_1': 208, 'dropout_rate': 0.2, 'J': 3, 'Q': 1}. Best is trial 39 with value: 1.9828530550735115.
[I 2025-09-25 21:06:58,200] Trial 397 finished with value: 1.9725096143546992 and parameters: {'hidden_size_1': 202, 'dropout_rate': 0.2, 'J': 3, 'Q': 1}. Best is trial 39 with value: 1.9828530550735115.
[I 2025-09-25 21:06:59,651] Trial 398 finished with value: 1.984096985981178 and parameters: {'hidden_size_1': 214, 'dropout_rate': 0.2, 'J': 3, 'Q': 1}. Best is trial 398 with value: 1.984096985981178.
[I 2025-09-25 21:07:00,999] Trial 399 finished with value: 1.9777639564460179 and parameters: {'hidden_size_1': 219, 'dropout_rate': 0.2, 'J': 3, 'Q': 1}. Best is trial 398 with value: 1.984096985981178.
[I 2025-09-25 21:07:02,466] Trial 400 finished with value: 1.9663474573025068 and parameters: {'hidden_size_1': 211, 'dropout_rate': 0.2, 'J': 3, 'Q': 1}. Best is trial 398 with value: 1.984096985981178.
[I 2025-09-25 21:07:03,919] Trial 401 finished with value: 1.984096985981178 and parameters: {'hidden_size_1': 214, 'dropout_rate': 0.2, 'J': 3, 'Q': 1}. Best is trial 398 with value: 1.984096985981178.
[I 2025-09-25 21:07:05,312] Trial 402 finished with value: 1.975527481983963 and parameters: {'hidden_size_1': 208, 'dropout_rate': 0.2, 'J': 3, 'Q': 1}. Best is trial 398 with value: 1.984096985981178.
[I 2025-09-25 21:07:06,950] Trial 403 finished with value: 1.970855664534644 and parameters: {'hidden_size_1': 204, 'dropout_rate': 0.2, 'J': 2, 'Q': 1}. Best is trial 398 with value: 1.984096985981178.
[I 2025-09-25 21:07:08,428] Trial 404 finished with value: 1.9788123368827837 and parameters: {'hidden_size_1': 212, 'dropout_rate': 0.2, 'J': 3, 'Q': 1}. Best is trial 398 with value: 1.984096985981178.
[I 2025-09-25 21:07:09,981] Trial 405 finished with value: 1.9755939286819566 and parameters: {'hidden_size_1': 215, 'dropout_rate': 0.2, 'J': 3, 'Q': 1}. Best is trial 398 with value: 1.984096985981178.
[I 2025-09-25 21:07:11,825] Trial 406 finished with value: 1.9763009172551538 and parameters: {'hidden_size_1': 143, 'dropout_rate': 0.2, 'J': 3, 'Q': 1}. Best is trial 398 with value: 1.984096985981178.
[I 2025-09-25 21:07:13,558] Trial 407 finished with value: 1.9778751719262666 and parameters: {'hidden_size_1': 213, 'dropout_rate': 0.2, 'J': 3, 'Q': 1}. Best is trial 398 with value: 1.984096985981178.
[I 2025-09-25 21:07:14,875] Trial 408 finished with value: 1.9824400436879697 and parameters: {'hidden_size_1': 217, 'dropout_rate': 0.2, 'J': 3, 'Q': 1}. Best is trial 398 with value: 1.984096985981178.
[I 2025-09-25 21:07:16,709] Trial 409 finished with value: 1.9631022435678926 and parameters: {'hidden_size_1': 216, 'dropout_rate': 0.2, 'J': 3, 'Q': 2}. Best is trial 398 with value: 1.984096985981178.
[I 2025-09-25 21:07:18,137] Trial 410 finished with value: 1.9755939286819566 and parameters: {'hidden_size_1': 215, 'dropout_rate': 0.2, 'J': 3, 'Q': 1}. Best is trial 398 with value: 1.984096985981178.
[I 2025-09-25 21:07:19,310] Trial 411 finished with value: 1.981532961135459 and parameters: {'hidden_size_1': 207, 'dropout_rate': 0.2, 'J': 3, 'Q': 1}. Best is trial 398 with value: 1.984096985981178.
[I 2025-09-25 21:07:20,446] Trial 412 finished with value: 1.9734030175607344 and parameters: {'hidden_size_1': 218, 'dropout_rate': 0.2, 'J': 3, 'Q': 1}. Best is trial 398 with value: 1.984096985981178.
[I 2025-09-25 21:07:21,807] Trial 413 finished with value: 1.9663474573025068 and parameters: {'hidden_size_1': 211, 'dropout_rate': 0.2, 'J': 3, 'Q': 1}. Best is trial 398 with value: 1.984096985981178.
[I 2025-09-25 21:07:23,259] Trial 414 finished with value: 1.9727347951429377 and parameters: {'hidden_size_1': 204, 'dropout_rate': 0.2, 'J': 3, 'Q': 1}. Best is trial 398 with value: 1.984096985981178.
[I 2025-09-25 21:07:24,438] Trial 415 finished with value: 1.9722360116927695 and parameters: {'hidden_size_1': 216, 'dropout_rate': 0.2, 'J': 3, 'Q': 1}. Best is trial 398 with value: 1.984096985981178.
[I 2025-09-25 21:07:25,403] Trial 416 finished with value: 1.9734030175607344 and parameters: {'hidden_size_1': 218, 'dropout_rate': 0.2, 'J': 3, 'Q': 1}. Best is trial 398 with value: 1.984096985981178.
[I 2025-09-25 21:07:26,636] Trial 417 finished with value: 1.9753994515878213 and parameters: {'hidden_size_1': 198, 'dropout_rate': 0.2, 'J': 3, 'Q': 1}. Best is trial 398 with value: 1.984096985981178.
[I 2025-09-25 21:07:27,800] Trial 418 finished with value: 1.9795102268551266 and parameters: {'hidden_size_1': 210, 'dropout_rate': 0.2, 'J': 3, 'Q': 1}. Best is trial 398 with value: 1.984096985981178.
[I 2025-09-25 21:07:29,064] Trial 419 finished with value: 1.9764256624358927 and parameters: {'hidden_size_1': 220, 'dropout_rate': 0.2, 'J': 3, 'Q': 1}. Best is trial 398 with value: 1.984096985981178.
[I 2025-09-25 21:07:30,097] Trial 420 finished with value: 1.9822770729311108 and parameters: {'hidden_size_1': 242, 'dropout_rate': 0.2, 'J': 3, 'Q': 1}. Best is trial 398 with value: 1.984096985981178.
[I 2025-09-25 21:07:31,188] Trial 421 finished with value: 1.9779240763813966 and parameters: {'hidden_size_1': 240, 'dropout_rate': 0.2, 'J': 3, 'Q': 1}. Best is trial 398 with value: 1.984096985981178.
[I 2025-09-25 21:07:31,955] Trial 422 finished with value: 1.9671521140574384 and parameters: {'hidden_size_1': 237, 'dropout_rate': 0.4, 'J': 3, 'Q': 4}. Best is trial 398 with value: 1.984096985981178.
[I 2025-09-25 21:07:32,984] Trial 423 finished with value: 1.9790492247970348 and parameters: {'hidden_size_1': 242, 'dropout_rate': 0.2, 'J': 3, 'Q': 3}. Best is trial 398 with value: 1.984096985981178.
[I 2025-09-25 21:07:33,834] Trial 424 finished with value: 1.9727150305456265 and parameters: {'hidden_size_1': 229, 'dropout_rate': 0.5, 'J': 3, 'Q': 1}. Best is trial 398 with value: 1.984096985981178.
[I 2025-09-25 21:07:34,903] Trial 425 finished with value: 1.9761884839784485 and parameters: {'hidden_size_1': 151, 'dropout_rate': 0.2, 'J': 3, 'Q': 1}. Best is trial 398 with value: 1.984096985981178.
[I 2025-09-25 21:07:35,843] Trial 426 finished with value: 1.9789785669331152 and parameters: {'hidden_size_1': 234, 'dropout_rate': 0.2, 'J': 3, 'Q': 1}. Best is trial 398 with value: 1.984096985981178.
